info: ::1 - - [09/Aug/2022:02:29:23 +0000] "POST /api/v1/users/login HTTP/1.1" 500 51 "-" "PostmanRuntime/7.29.2"

info: ::1 - - [09/Aug/2022:02:30:13 +0000] "POST /api/v1/users HTTP/1.1" 201 320 "-" "PostmanRuntime/7.29.2"

info: ::1 - - [09/Aug/2022:02:30:44 +0000] "POST /api/v1/users/login HTTP/1.1" 200 270 "-" "PostmanRuntime/7.29.2"

info: ::1 - - [09/Aug/2022:02:31:55 +0000] "POST /api/v1/carts/6215888305253301a4fda5cd HTTP/1.1" 201 759 "-" "PostmanRuntime/7.29.2"

info: ::1 - - [09/Aug/2022:02:39:15 +0000] "PUT /api/v1/carts/6215888305253301a4fda5cd HTTP/1.1" 201 539 "-" "PostmanRuntime/7.29.2"

info: ::1 - - [09/Aug/2022:03:07:31 +0000] "GET /api/v1/users/login HTTP/1.1" 404 47 "-" "PostmanRuntime/7.29.2"

info: ::1 - - [09/Aug/2022:03:10:42 +0000] "POST /api/v1/users/login HTTP/1.1" 200 270 "-" "PostmanRuntime/7.29.2"

info: ::1 - - [09/Aug/2022:03:12:41 +0000] "POST /api/v1/carts/6215892405253301a4fda5d2 HTTP/1.1" 201 725 "-" "PostmanRuntime/7.29.2"

info: ::1 - - [09/Aug/2022:11:23:05 +0000] "POST /api/v1/users/login HTTP/1.1" 500 51 "-" "PostmanRuntime/7.29.2"

info: ::1 - - [09/Aug/2022:11:23:58 +0000] "POST /api/v1/users HTTP/1.1" 500 89 "-" "PostmanRuntime/7.29.2"

info: ::1 - - [09/Aug/2022:11:24:10 +0000] "POST /api/v1/users HTTP/1.1" 201 315 "-" "PostmanRuntime/7.29.2"

info: ::1 - - [09/Aug/2022:11:24:49 +0000] "POST /api/v1/users/login HTTP/1.1" 200 265 "-" "PostmanRuntime/7.29.2"

info: ::1 - - [09/Aug/2022:11:27:00 +0000] "POST /api/v1/carts/6214803b05253301a4fda584 HTTP/1.1" 201 1323 "-" "PostmanRuntime/7.29.2"

info: ::1 - - [09/Aug/2022:11:29:02 +0000] "POST /api/v1/carts/6214803b05253301a4fda584 HTTP/1.1" 201 1323 "-" "PostmanRuntime/7.29.2"

info: ::1 - - [09/Aug/2022:11:32:42 +0000] "POST /api/v1/carts/6214803b05253301a4fda584 HTTP/1.1" 201 1323 "-" "PostmanRuntime/7.29.2"

info: ::1 - - [09/Aug/2022:11:38:30 +0000] "POST /api/v1/carts/6214803b05253301a4fda504 HTTP/1.1" 500 53 "-" "PostmanRuntime/7.29.2"

info: ::1 - - [09/Aug/2022:11:38:36 +0000] "POST /api/v1/carts/6214803b05253301a4fda584 HTTP/1.1" 201 1323 "-" "PostmanRuntime/7.29.2"

info: ::1 - - [09/Aug/2022:16:38:53 +0000] "POST /api/v1/carts/6214803b05253301a4fda584 HTTP/1.1" 201 1323 "-" "PostmanRuntime/7.29.2"

info: ::1 - - [09/Aug/2022:16:46:41 +0000] "POST /api/v1/carts/6214803b05253301a4fda584 HTTP/1.1" 201 1323 "-" "PostmanRuntime/7.29.2"

info: ::1 - - [09/Aug/2022:16:47:35 +0000] "POST /api/v1/carts/6214803b05253301a4fda584 HTTP/1.1" 201 1323 "-" "PostmanRuntime/7.29.2"

