info: Server started at http://localhost:4000/api/v1/ {"timestamp":"2022-08-05T05:51:58.966Z"}
info: Connected to the database. {"timestamp":"2022-08-05T05:51:59.021Z"}
error: 
    status - 500 
    message - Error: Invalid Passowrd
    at _callee5$ (C:\CFP_170\NodeJs\BookStore\src\services\/user.service.js:53:13)
    at tryCatch (C:\CFP_170\NodeJs\BookStore\node_modules\@babel\runtime\helpers\regeneratorRuntime.js:86:17)
    at Generator._invoke (C:\CFP_170\NodeJs\BookStore\node_modules\@babel\runtime\helpers\regeneratorRuntime.js:66:24)
    at Generator.next (C:\CFP_170\NodeJs\BookStore\node_modules\@babel\runtime\helpers\regeneratorRuntime.js:117:21)
    at asyncGeneratorStep (C:\CFP_170\NodeJs\BookStore\node_modules\@babel\runtime\helpers\asyncToGenerator.js:3:24)
    at _next (C:\CFP_170\NodeJs\BookStore\node_modules\@babel\runtime\helpers\asyncToGenerator.js:25:9) 
    url - /api/v1/users/login 
    method - POST 
    IP - ::1
   {"timestamp":"2022-08-05T05:52:03.082Z"}
error: 
    status - 500 
    message - Error: Invalid Passowrd
    at _callee5$ (C:\CFP_170\NodeJs\BookStore\src\services\/user.service.js:53:13)
    at tryCatch (C:\CFP_170\NodeJs\BookStore\node_modules\@babel\runtime\helpers\regeneratorRuntime.js:86:17)
    at Generator._invoke (C:\CFP_170\NodeJs\BookStore\node_modules\@babel\runtime\helpers\regeneratorRuntime.js:66:24)
    at Generator.next (C:\CFP_170\NodeJs\BookStore\node_modules\@babel\runtime\helpers\regeneratorRuntime.js:117:21)
    at asyncGeneratorStep (C:\CFP_170\NodeJs\BookStore\node_modules\@babel\runtime\helpers\asyncToGenerator.js:3:24)
    at _next (C:\CFP_170\NodeJs\BookStore\node_modules\@babel\runtime\helpers\asyncToGenerator.js:25:9) 
    url - /api/v1/users/login 
    method - POST 
    IP - ::1
   {"timestamp":"2022-08-05T05:53:56.590Z"}
info: Server started at http://localhost:4000/api/v1/ {"timestamp":"2022-08-05T05:57:08.922Z"}
info: Connected to the database. {"timestamp":"2022-08-05T05:57:08.962Z"}
info: Server started at http://localhost:4000/api/v1/ {"timestamp":"2022-08-05T11:22:51.756Z"}
info: Connected to the database. {"timestamp":"2022-08-05T11:22:51.800Z"}
info: Server started at http://localhost:4000/api/v1/ {"timestamp":"2022-08-05T16:25:13.010Z"}
info: Connected to the database. {"timestamp":"2022-08-05T16:25:13.050Z"}
