info: Server started at http://localhost:4000/api/v1/ {"timestamp":"2022-08-09T02:27:58.621Z"}
info: Connected to the database. {"timestamp":"2022-08-09T02:27:58.666Z"}
error: 
    status - 500 
    message - Error: Invalid Passowrd
    at _callee5$ (C:\CFP_170\NodeJs\BookStore\src\services\/user.service.js:53:13)
    at tryCatch (C:\CFP_170\NodeJs\BookStore\node_modules\@babel\runtime\helpers\regeneratorRuntime.js:86:17)
    at Generator._invoke (C:\CFP_170\NodeJs\BookStore\node_modules\@babel\runtime\helpers\regeneratorRuntime.js:66:24)
    at Generator.next (C:\CFP_170\NodeJs\BookStore\node_modules\@babel\runtime\helpers\regeneratorRuntime.js:117:21)
    at asyncGeneratorStep (C:\CFP_170\NodeJs\BookStore\node_modules\@babel\runtime\helpers\asyncToGenerator.js:3:24)
    at _next (C:\CFP_170\NodeJs\BookStore\node_modules\@babel\runtime\helpers\asyncToGenerator.js:25:9) 
    url - /api/v1/users/login 
    method - POST 
    IP - ::1
   {"timestamp":"2022-08-09T02:29:23.033Z"}
info: Server started at http://localhost:4000/api/v1/ {"timestamp":"2022-08-09T11:22:10.001Z"}
info: Connected to the database. {"timestamp":"2022-08-09T11:22:10.042Z"}
error: 
    status - 500 
    message - Error: Invalid Passowrd
    at _callee5$ (C:\CFP_170\NodeJs\BookStore\src\services\/user.service.js:53:13)
    at tryCatch (C:\CFP_170\NodeJs\BookStore\node_modules\@babel\runtime\helpers\regeneratorRuntime.js:86:17)
    at Generator._invoke (C:\CFP_170\NodeJs\BookStore\node_modules\@babel\runtime\helpers\regeneratorRuntime.js:66:24)
    at Generator.next (C:\CFP_170\NodeJs\BookStore\node_modules\@babel\runtime\helpers\regeneratorRuntime.js:117:21)
    at asyncGeneratorStep (C:\CFP_170\NodeJs\BookStore\node_modules\@babel\runtime\helpers\asyncToGenerator.js:3:24)
    at _next (C:\CFP_170\NodeJs\BookStore\node_modules\@babel\runtime\helpers\asyncToGenerator.js:25:9) 
    url - /api/v1/users/login 
    method - POST 
    IP - ::1
   {"timestamp":"2022-08-09T11:23:05.824Z"}
error: 
    status - 500 
    message - ValidationError: "lastName" length must be at least 4 characters long 
    url - /api/v1/users 
    method - POST 
    IP - ::1
   {"timestamp":"2022-08-09T11:23:58.854Z"}
info: Server started at http://localhost:4000/api/v1/ {"timestamp":"2022-08-09T11:32:20.906Z"}
info: Connected to the database. {"timestamp":"2022-08-09T11:32:20.948Z"}
error: 
    status - 500 
    message - Error: Book doesn't Exist
    at _callee$ (C:\CFP_170\NodeJs\BookStore\src\services\/cart.service.js:48:15)
    at tryCatch (C:\CFP_170\NodeJs\BookStore\node_modules\@babel\runtime\helpers\regeneratorRuntime.js:86:17)
    at Generator._invoke (C:\CFP_170\NodeJs\BookStore\node_modules\@babel\runtime\helpers\regeneratorRuntime.js:66:24)
    at Generator.next (C:\CFP_170\NodeJs\BookStore\node_modules\@babel\runtime\helpers\regeneratorRuntime.js:117:21)
    at asyncGeneratorStep (C:\CFP_170\NodeJs\BookStore\node_modules\@babel\runtime\helpers\asyncToGenerator.js:3:24)
    at _next (C:\CFP_170\NodeJs\BookStore\node_modules\@babel\runtime\helpers\asyncToGenerator.js:25:9)
    at processTicksAndRejections (node:internal/process/task_queues:96:5) 
    url - /api/v1/carts/6214803b05253301a4fda504 
    method - POST 
    IP - ::1
   {"timestamp":"2022-08-09T11:38:30.188Z"}
info: Server started at http://localhost:4000/api/v1/ {"timestamp":"2022-08-09T16:38:13.379Z"}
info: Connected to the database. {"timestamp":"2022-08-09T16:38:13.439Z"}
info: Server started at http://localhost:4000/api/v1/ {"timestamp":"2022-08-09T16:46:28.411Z"}
info: Connected to the database. {"timestamp":"2022-08-09T16:46:28.447Z"}
