error: uncaughtException: listen EADDRINUSE: address already in use :::3000
Error: listen EADDRINUSE: address already in use :::3000
    at Server.setupListenHandle [as _listen2] (node:net:1372:16)
    at listenInCluster (node:net:1420:12)
    at Server.listen (node:net:1508:7)
    at Function.listen (C:\CFP_170\NodeJs\BookStore\node_modules\express\lib\application.js:635:24)
    at Object.<anonymous> (C:\CFP_170\NodeJs\BookStore\src\/index.js:37:5)
    at Module._compile (node:internal/modules/cjs/loader:1105:14)
    at Module._compile (C:\CFP_170\NodeJs\BookStore\node_modules\pirates\lib\index.js:136:24)
    at Module._extensions..js (node:internal/modules/cjs/loader:1159:10)
    at Object.newLoader [as .js] (C:\CFP_170\NodeJs\BookStore\node_modules\pirates\lib\index.js:141:7)
    at Module.load (node:internal/modules/cjs/loader:981:32)
    at Function.Module._load (node:internal/modules/cjs/loader:822:12)
    at Function.executeUserEntryPoint [as runMain] (node:internal/modules/run_main:77:12)
    at Object.<anonymous> (C:\CFP_170\NodeJs\BookStore\node_modules\@babel\node\lib\_babel-node.js:176:21)
    at Module._compile (node:internal/modules/cjs/loader:1105:14)
    at Object.Module._extensions..js (node:internal/modules/cjs/loader:1159:10)
    at Module.load (node:internal/modules/cjs/loader:981:32) {"date":"Wed Aug 03 2022 15:51:01 GMT+0530 (India Standard Time)","error":{"address":"::","code":"EADDRINUSE","errno":-4091,"port":3000,"syscall":"listen"},"exception":true,"os":{"loadavg":[0,0,0],"uptime":243295},"process":{"argv":["node","C:\\CFP_170\\NodeJs\\BookStore\\src\\index.js"],"cwd":"C:\\CFP_170\\NodeJs\\BookStore","execPath":"C:\\Program Files\\nodejs\\node.exe","gid":null,"memoryUsage":{"arrayBuffers":19192794,"external":30873131,"heapTotal":80805888,"heapUsed":55630832,"rss":114745344},"pid":19508,"uid":null,"version":"v16.15.1"},"stack":"Error: listen EADDRINUSE: address already in use :::3000\n    at Server.setupListenHandle [as _listen2] (node:net:1372:16)\n    at listenInCluster (node:net:1420:12)\n    at Server.listen (node:net:1508:7)\n    at Function.listen (C:\\CFP_170\\NodeJs\\BookStore\\node_modules\\express\\lib\\application.js:635:24)\n    at Object.<anonymous> (C:\\CFP_170\\NodeJs\\BookStore\\src\\/index.js:37:5)\n    at Module._compile (node:internal/modules/cjs/loader:1105:14)\n    at Module._compile (C:\\CFP_170\\NodeJs\\BookStore\\node_modules\\pirates\\lib\\index.js:136:24)\n    at Module._extensions..js (node:internal/modules/cjs/loader:1159:10)\n    at Object.newLoader [as .js] (C:\\CFP_170\\NodeJs\\BookStore\\node_modules\\pirates\\lib\\index.js:141:7)\n    at Module.load (node:internal/modules/cjs/loader:981:32)\n    at Function.Module._load (node:internal/modules/cjs/loader:822:12)\n    at Function.executeUserEntryPoint [as runMain] (node:internal/modules/run_main:77:12)\n    at Object.<anonymous> (C:\\CFP_170\\NodeJs\\BookStore\\node_modules\\@babel\\node\\lib\\_babel-node.js:176:21)\n    at Module._compile (node:internal/modules/cjs/loader:1105:14)\n    at Object.Module._extensions..js (node:internal/modules/cjs/loader:1159:10)\n    at Module.load (node:internal/modules/cjs/loader:981:32)","timestamp":"2022-08-03T10:21:01.313Z","trace":[{"column":16,"file":"node:net","function":"Server.setupListenHandle [as _listen2]","line":1372,"method":"setupListenHandle [as _listen2]","native":false},{"column":12,"file":"node:net","function":"listenInCluster","line":1420,"method":null,"native":false},{"column":7,"file":"node:net","function":"Server.listen","line":1508,"method":"listen","native":false},{"column":24,"file":"C:\\CFP_170\\NodeJs\\BookStore\\node_modules\\express\\lib\\application.js","function":"Function.listen","line":635,"method":"listen","native":false},{"column":5,"file":"C:\\CFP_170\\NodeJs\\BookStore\\src\\/index.js","function":null,"line":37,"method":null,"native":false},{"column":14,"file":"node:internal/modules/cjs/loader","function":"Module._compile","line":1105,"method":"_compile","native":false},{"column":24,"file":"C:\\CFP_170\\NodeJs\\BookStore\\node_modules\\pirates\\lib\\index.js","function":"Module._compile","line":136,"method":"_compile","native":false},{"column":10,"file":"node:internal/modules/cjs/loader","function":"Module._extensions..js","line":1159,"method":".js","native":false},{"column":7,"file":"C:\\CFP_170\\NodeJs\\BookStore\\node_modules\\pirates\\lib\\index.js","function":"Object.newLoader [as .js]","line":141,"method":"js]","native":false},{"column":32,"file":"node:internal/modules/cjs/loader","function":"Module.load","line":981,"method":"load","native":false},{"column":12,"file":"node:internal/modules/cjs/loader","function":"Module._load","line":822,"method":"_load","native":false},{"column":12,"file":"node:internal/modules/run_main","function":"Function.executeUserEntryPoint [as runMain]","line":77,"method":"executeUserEntryPoint [as runMain]","native":false},{"column":21,"file":"C:\\CFP_170\\NodeJs\\BookStore\\node_modules\\@babel\\node\\lib\\_babel-node.js","function":null,"line":176,"method":null,"native":false},{"column":14,"file":"node:internal/modules/cjs/loader","function":"Module._compile","line":1105,"method":"_compile","native":false},{"column":10,"file":"node:internal/modules/cjs/loader","function":"Module._extensions..js","line":1159,"method":".js","native":false},{"column":32,"file":"node:internal/modules/cjs/loader","function":"Module.load","line":981,"method":"load","native":false}]}
info: Server started at http://localhost:3000/api/v1/ {"timestamp":"2022-08-03T10:21:30.960Z"}
info: Connected to the database. {"timestamp":"2022-08-03T10:21:33.490Z"}
info: Server started at http://localhost:3000/api/v1/ {"timestamp":"2022-08-03T10:27:45.964Z"}
info: Connected to the database. {"timestamp":"2022-08-03T10:27:45.995Z"}
info: Server started at http://localhost:4000/api/v1/ {"timestamp":"2022-08-03T10:53:46.752Z"}
info: Connected to the database. {"timestamp":"2022-08-03T10:53:46.790Z"}
error: 
    status - 500 
    message - ValidationError: "name" is required 
    url - /api/v1/users 
    method - POST 
    IP - ::1
   {"timestamp":"2022-08-03T10:55:25.391Z"}
error: 
    status - 500 
    message - ValidationError: "name" is required 
    url - /api/v1/users 
    method - POST 
    IP - ::1
   {"timestamp":"2022-08-03T10:58:04.555Z"}
info: Server started at http://localhost:4000/api/v1/ {"timestamp":"2022-08-03T11:00:41.589Z"}
info: Connected to the database. {"timestamp":"2022-08-03T11:00:41.623Z"}
error: 
    status - 500 
    message - ValidationError: "firstName" is required 
    url - /api/v1/users 
    method - POST 
    IP - ::1
   {"timestamp":"2022-08-03T11:00:48.612Z"}
error: 
    status - 500 
    message - ValidationError: "firstName" is required 
    url - /api/v1/users 
    method - POST 
    IP - ::1
   {"timestamp":"2022-08-03T11:02:35.327Z"}
info: Server started at http://localhost:4000/api/v1/ {"timestamp":"2022-08-03T11:03:53.882Z"}
info: Connected to the database. {"timestamp":"2022-08-03T11:03:53.906Z"}
info: Server started at http://localhost:4000/api/v1/ {"timestamp":"2022-08-03T11:05:46.874Z"}
info: Connected to the database. {"timestamp":"2022-08-03T11:05:46.911Z"}
info: Server started at http://localhost:4000/api/v1/ {"timestamp":"2022-08-03T11:09:12.246Z"}
info: Connected to the database. {"timestamp":"2022-08-03T11:09:12.279Z"}
info: Server started at http://localhost:4000/api/v1/ {"timestamp":"2022-08-03T11:28:50.345Z"}
info: Connected to the database. {"timestamp":"2022-08-03T11:28:50.379Z"}
error: 
    status - 500 
    message - ValidationError: "firstName" is required 
    url - /api/v1/users 
    method - POST 
    IP - ::1
   {"timestamp":"2022-08-03T11:29:03.654Z"}
info: Server started at http://localhost:4000/api/v1/ {"timestamp":"2022-08-03T11:53:31.007Z"}
info: Connected to the database. {"timestamp":"2022-08-03T11:53:31.164Z"}
error: uncaughtException: Router.use() requires a middleware function but got a Object
TypeError: Router.use() requires a middleware function but got a Object
    at Function.use (C:\CFP_170\NodeJs\BookStore\node_modules\express\lib\router\index.js:469:13)
    at routes (C:\CFP_170\NodeJs\BookStore\src\routes\/index.js:16:10)
    at Object.<anonymous> (C:\CFP_170\NodeJs\BookStore\src\/index.js:32:32)
    at Module._compile (node:internal/modules/cjs/loader:1105:14)
    at Module._compile (C:\CFP_170\NodeJs\BookStore\node_modules\pirates\lib\index.js:136:24)
    at Module._extensions..js (node:internal/modules/cjs/loader:1159:10)
    at Object.newLoader [as .js] (C:\CFP_170\NodeJs\BookStore\node_modules\pirates\lib\index.js:141:7)
    at Module.load (node:internal/modules/cjs/loader:981:32)
    at Function.Module._load (node:internal/modules/cjs/loader:822:12)
    at Function.executeUserEntryPoint [as runMain] (node:internal/modules/run_main:77:12)
    at Object.<anonymous> (C:\CFP_170\NodeJs\BookStore\node_modules\@babel\node\lib\_babel-node.js:176:21)
    at Module._compile (node:internal/modules/cjs/loader:1105:14)
    at Object.Module._extensions..js (node:internal/modules/cjs/loader:1159:10)
    at Module.load (node:internal/modules/cjs/loader:981:32)
    at Function.Module._load (node:internal/modules/cjs/loader:822:12)
    at Function.executeUserEntryPoint [as runMain] (node:internal/modules/run_main:77:12) {"date":"Wed Aug 03 2022 21:28:04 GMT+0530 (India Standard Time)","error":{},"exception":true,"os":{"loadavg":[0,0,0],"uptime":263519},"process":{"argv":["node","C:\\CFP_170\\NodeJs\\BookStore\\src\\index.js"],"cwd":"C:\\CFP_170\\NodeJs\\BookStore","execPath":"C:\\Program Files\\nodejs\\node.exe","gid":null,"memoryUsage":{"arrayBuffers":19162423,"external":22667092,"heapTotal":81608704,"heapUsed":55927352,"rss":114778112},"pid":17656,"uid":null,"version":"v16.15.1"},"stack":"TypeError: Router.use() requires a middleware function but got a Object\n    at Function.use (C:\\CFP_170\\NodeJs\\BookStore\\node_modules\\express\\lib\\router\\index.js:469:13)\n    at routes (C:\\CFP_170\\NodeJs\\BookStore\\src\\routes\\/index.js:16:10)\n    at Object.<anonymous> (C:\\CFP_170\\NodeJs\\BookStore\\src\\/index.js:32:32)\n    at Module._compile (node:internal/modules/cjs/loader:1105:14)\n    at Module._compile (C:\\CFP_170\\NodeJs\\BookStore\\node_modules\\pirates\\lib\\index.js:136:24)\n    at Module._extensions..js (node:internal/modules/cjs/loader:1159:10)\n    at Object.newLoader [as .js] (C:\\CFP_170\\NodeJs\\BookStore\\node_modules\\pirates\\lib\\index.js:141:7)\n    at Module.load (node:internal/modules/cjs/loader:981:32)\n    at Function.Module._load (node:internal/modules/cjs/loader:822:12)\n    at Function.executeUserEntryPoint [as runMain] (node:internal/modules/run_main:77:12)\n    at Object.<anonymous> (C:\\CFP_170\\NodeJs\\BookStore\\node_modules\\@babel\\node\\lib\\_babel-node.js:176:21)\n    at Module._compile (node:internal/modules/cjs/loader:1105:14)\n    at Object.Module._extensions..js (node:internal/modules/cjs/loader:1159:10)\n    at Module.load (node:internal/modules/cjs/loader:981:32)\n    at Function.Module._load (node:internal/modules/cjs/loader:822:12)\n    at Function.executeUserEntryPoint [as runMain] (node:internal/modules/run_main:77:12)","timestamp":"2022-08-03T15:58:04.885Z","trace":[{"column":13,"file":"C:\\CFP_170\\NodeJs\\BookStore\\node_modules\\express\\lib\\router\\index.js","function":"Function.use","line":469,"method":"use","native":false},{"column":10,"file":"C:\\CFP_170\\NodeJs\\BookStore\\src\\routes\\/index.js","function":"routes","line":16,"method":null,"native":false},{"column":32,"file":"C:\\CFP_170\\NodeJs\\BookStore\\src\\/index.js","function":null,"line":32,"method":null,"native":false},{"column":14,"file":"node:internal/modules/cjs/loader","function":"Module._compile","line":1105,"method":"_compile","native":false},{"column":24,"file":"C:\\CFP_170\\NodeJs\\BookStore\\node_modules\\pirates\\lib\\index.js","function":"Module._compile","line":136,"method":"_compile","native":false},{"column":10,"file":"node:internal/modules/cjs/loader","function":"Module._extensions..js","line":1159,"method":".js","native":false},{"column":7,"file":"C:\\CFP_170\\NodeJs\\BookStore\\node_modules\\pirates\\lib\\index.js","function":"Object.newLoader [as .js]","line":141,"method":"js]","native":false},{"column":32,"file":"node:internal/modules/cjs/loader","function":"Module.load","line":981,"method":"load","native":false},{"column":12,"file":"node:internal/modules/cjs/loader","function":"Module._load","line":822,"method":"_load","native":false},{"column":12,"file":"node:internal/modules/run_main","function":"Function.executeUserEntryPoint [as runMain]","line":77,"method":"executeUserEntryPoint [as runMain]","native":false},{"column":21,"file":"C:\\CFP_170\\NodeJs\\BookStore\\node_modules\\@babel\\node\\lib\\_babel-node.js","function":null,"line":176,"method":null,"native":false},{"column":14,"file":"node:internal/modules/cjs/loader","function":"Module._compile","line":1105,"method":"_compile","native":false},{"column":10,"file":"node:internal/modules/cjs/loader","function":"Module._extensions..js","line":1159,"method":".js","native":false},{"column":32,"file":"node:internal/modules/cjs/loader","function":"Module.load","line":981,"method":"load","native":false},{"column":12,"file":"node:internal/modules/cjs/loader","function":"Module._load","line":822,"method":"_load","native":false},{"column":12,"file":"node:internal/modules/run_main","function":"Function.executeUserEntryPoint [as runMain]","line":77,"method":"executeUserEntryPoint [as runMain]","native":false}]}
error: uncaughtException: Router.use() requires a middleware function but got a Object
TypeError: Router.use() requires a middleware function but got a Object
    at Function.use (C:\CFP_170\NodeJs\BookStore\node_modules\express\lib\router\index.js:469:13)
    at routes (C:\CFP_170\NodeJs\BookStore\src\routes\/index.js:16:10)
    at Object.<anonymous> (C:\CFP_170\NodeJs\BookStore\src\/index.js:32:32)
    at Module._compile (node:internal/modules/cjs/loader:1105:14)
    at Module._compile (C:\CFP_170\NodeJs\BookStore\node_modules\pirates\lib\index.js:136:24)
    at Module._extensions..js (node:internal/modules/cjs/loader:1159:10)
    at Object.newLoader [as .js] (C:\CFP_170\NodeJs\BookStore\node_modules\pirates\lib\index.js:141:7)
    at Module.load (node:internal/modules/cjs/loader:981:32)
    at Function.Module._load (node:internal/modules/cjs/loader:822:12)
    at Function.executeUserEntryPoint [as runMain] (node:internal/modules/run_main:77:12)
    at Object.<anonymous> (C:\CFP_170\NodeJs\BookStore\node_modules\@babel\node\lib\_babel-node.js:176:21)
    at Module._compile (node:internal/modules/cjs/loader:1105:14)
    at Object.Module._extensions..js (node:internal/modules/cjs/loader:1159:10)
    at Module.load (node:internal/modules/cjs/loader:981:32)
    at Function.Module._load (node:internal/modules/cjs/loader:822:12)
    at Function.executeUserEntryPoint [as runMain] (node:internal/modules/run_main:77:12) {"date":"Wed Aug 03 2022 21:34:20 GMT+0530 (India Standard Time)","error":{},"exception":true,"os":{"loadavg":[0,0,0],"uptime":263895},"process":{"argv":["node","C:\\CFP_170\\NodeJs\\BookStore\\src\\index.js"],"cwd":"C:\\CFP_170\\NodeJs\\BookStore","execPath":"C:\\Program Files\\nodejs\\node.exe","gid":null,"memoryUsage":{"arrayBuffers":19074951,"external":22407496,"heapTotal":82657280,"heapUsed":55683200,"rss":115257344},"pid":11840,"uid":null,"version":"v16.15.1"},"stack":"TypeError: Router.use() requires a middleware function but got a Object\n    at Function.use (C:\\CFP_170\\NodeJs\\BookStore\\node_modules\\express\\lib\\router\\index.js:469:13)\n    at routes (C:\\CFP_170\\NodeJs\\BookStore\\src\\routes\\/index.js:16:10)\n    at Object.<anonymous> (C:\\CFP_170\\NodeJs\\BookStore\\src\\/index.js:32:32)\n    at Module._compile (node:internal/modules/cjs/loader:1105:14)\n    at Module._compile (C:\\CFP_170\\NodeJs\\BookStore\\node_modules\\pirates\\lib\\index.js:136:24)\n    at Module._extensions..js (node:internal/modules/cjs/loader:1159:10)\n    at Object.newLoader [as .js] (C:\\CFP_170\\NodeJs\\BookStore\\node_modules\\pirates\\lib\\index.js:141:7)\n    at Module.load (node:internal/modules/cjs/loader:981:32)\n    at Function.Module._load (node:internal/modules/cjs/loader:822:12)\n    at Function.executeUserEntryPoint [as runMain] (node:internal/modules/run_main:77:12)\n    at Object.<anonymous> (C:\\CFP_170\\NodeJs\\BookStore\\node_modules\\@babel\\node\\lib\\_babel-node.js:176:21)\n    at Module._compile (node:internal/modules/cjs/loader:1105:14)\n    at Object.Module._extensions..js (node:internal/modules/cjs/loader:1159:10)\n    at Module.load (node:internal/modules/cjs/loader:981:32)\n    at Function.Module._load (node:internal/modules/cjs/loader:822:12)\n    at Function.executeUserEntryPoint [as runMain] (node:internal/modules/run_main:77:12)","timestamp":"2022-08-03T16:04:20.678Z","trace":[{"column":13,"file":"C:\\CFP_170\\NodeJs\\BookStore\\node_modules\\express\\lib\\router\\index.js","function":"Function.use","line":469,"method":"use","native":false},{"column":10,"file":"C:\\CFP_170\\NodeJs\\BookStore\\src\\routes\\/index.js","function":"routes","line":16,"method":null,"native":false},{"column":32,"file":"C:\\CFP_170\\NodeJs\\BookStore\\src\\/index.js","function":null,"line":32,"method":null,"native":false},{"column":14,"file":"node:internal/modules/cjs/loader","function":"Module._compile","line":1105,"method":"_compile","native":false},{"column":24,"file":"C:\\CFP_170\\NodeJs\\BookStore\\node_modules\\pirates\\lib\\index.js","function":"Module._compile","line":136,"method":"_compile","native":false},{"column":10,"file":"node:internal/modules/cjs/loader","function":"Module._extensions..js","line":1159,"method":".js","native":false},{"column":7,"file":"C:\\CFP_170\\NodeJs\\BookStore\\node_modules\\pirates\\lib\\index.js","function":"Object.newLoader [as .js]","line":141,"method":"js]","native":false},{"column":32,"file":"node:internal/modules/cjs/loader","function":"Module.load","line":981,"method":"load","native":false},{"column":12,"file":"node:internal/modules/cjs/loader","function":"Module._load","line":822,"method":"_load","native":false},{"column":12,"file":"node:internal/modules/run_main","function":"Function.executeUserEntryPoint [as runMain]","line":77,"method":"executeUserEntryPoint [as runMain]","native":false},{"column":21,"file":"C:\\CFP_170\\NodeJs\\BookStore\\node_modules\\@babel\\node\\lib\\_babel-node.js","function":null,"line":176,"method":null,"native":false},{"column":14,"file":"node:internal/modules/cjs/loader","function":"Module._compile","line":1105,"method":"_compile","native":false},{"column":10,"file":"node:internal/modules/cjs/loader","function":"Module._extensions..js","line":1159,"method":".js","native":false},{"column":32,"file":"node:internal/modules/cjs/loader","function":"Module.load","line":981,"method":"load","native":false},{"column":12,"file":"node:internal/modules/cjs/loader","function":"Module._load","line":822,"method":"_load","native":false},{"column":12,"file":"node:internal/modules/run_main","function":"Function.executeUserEntryPoint [as runMain]","line":77,"method":"executeUserEntryPoint [as runMain]","native":false}]}
info: Server started at http://localhost:4000/api/v1/ {"timestamp":"2022-08-03T17:52:07.040Z"}
info: Connected to the database. {"timestamp":"2022-08-03T17:52:07.099Z"}
info: Server started at http://localhost:4000/api/v1/ {"timestamp":"2022-08-04T02:02:53.270Z"}
info: Connected to the database. {"timestamp":"2022-08-04T02:02:53.309Z"}
info: Server started at http://localhost:4000/api/v1/ {"timestamp":"2022-08-04T02:24:39.799Z"}
info: Connected to the database. {"timestamp":"2022-08-04T02:24:39.830Z"}
info: Server started at http://localhost:4000/api/v1/ {"timestamp":"2022-08-04T02:25:10.549Z"}
info: Connected to the database. {"timestamp":"2022-08-04T02:25:10.593Z"}
error: 
    status - 500 
    message - CastError: Cast to ObjectId failed for value "{ _id: undefined }" (type Object) at path "_id" for model "Book"
    at model.Query.exec (C:\CFP_170\NodeJs\BookStore\node_modules\mongoose\lib\query.js:4498:21)
    at model.Query.Query.then (C:\CFP_170\NodeJs\BookStore\node_modules\mongoose\lib\query.js:4592:15)
    at processTicksAndRejections (node:internal/process/task_queues:96:5) 
    url - /api/v1/books/621588af05253301a4fda5ce 
    method - GET 
    IP - ::1
   {"timestamp":"2022-08-04T02:25:47.140Z"}
error: 
    status - 500 
    message - CastError: Cast to ObjectId failed for value "{ _id: undefined }" (type Object) at path "_id" for model "Book"
    at model.Query.exec (C:\CFP_170\NodeJs\BookStore\node_modules\mongoose\lib\query.js:4498:21)
    at model.Query.Query.then (C:\CFP_170\NodeJs\BookStore\node_modules\mongoose\lib\query.js:4592:15)
    at processTicksAndRejections (node:internal/process/task_queues:96:5) 
    url - /api/v1/books/6214803b05253301a4fda584 
    method - GET 
    IP - ::1
   {"timestamp":"2022-08-04T02:27:13.334Z"}
info: Server started at http://localhost:4000/api/v1/ {"timestamp":"2022-08-04T02:38:03.395Z"}
info: Connected to the database. {"timestamp":"2022-08-04T02:38:03.520Z"}
info: Server started at http://localhost:4000/api/v1/ {"timestamp":"2022-08-04T10:16:10.892Z"}
info: Connected to the database. {"timestamp":"2022-08-04T10:16:10.922Z"}
info: Server started at http://localhost:4000/api/v1/ {"timestamp":"2022-08-04T16:19:14.559Z"}
info: Connected to the database. {"timestamp":"2022-08-04T16:19:14.593Z"}
info: Server started at http://localhost:4000/api/v1/ {"timestamp":"2022-08-05T05:51:58.966Z"}
info: Connected to the database. {"timestamp":"2022-08-05T05:51:59.021Z"}
error: 
    status - 500 
    message - Error: Invalid Passowrd
    at _callee5$ (C:\CFP_170\NodeJs\BookStore\src\services\/user.service.js:53:13)
    at tryCatch (C:\CFP_170\NodeJs\BookStore\node_modules\@babel\runtime\helpers\regeneratorRuntime.js:86:17)
    at Generator._invoke (C:\CFP_170\NodeJs\BookStore\node_modules\@babel\runtime\helpers\regeneratorRuntime.js:66:24)
    at Generator.next (C:\CFP_170\NodeJs\BookStore\node_modules\@babel\runtime\helpers\regeneratorRuntime.js:117:21)
    at asyncGeneratorStep (C:\CFP_170\NodeJs\BookStore\node_modules\@babel\runtime\helpers\asyncToGenerator.js:3:24)
    at _next (C:\CFP_170\NodeJs\BookStore\node_modules\@babel\runtime\helpers\asyncToGenerator.js:25:9) 
    url - /api/v1/users/login 
    method - POST 
    IP - ::1
   {"timestamp":"2022-08-05T05:52:03.082Z"}
error: 
    status - 500 
    message - Error: Invalid Passowrd
    at _callee5$ (C:\CFP_170\NodeJs\BookStore\src\services\/user.service.js:53:13)
    at tryCatch (C:\CFP_170\NodeJs\BookStore\node_modules\@babel\runtime\helpers\regeneratorRuntime.js:86:17)
    at Generator._invoke (C:\CFP_170\NodeJs\BookStore\node_modules\@babel\runtime\helpers\regeneratorRuntime.js:66:24)
    at Generator.next (C:\CFP_170\NodeJs\BookStore\node_modules\@babel\runtime\helpers\regeneratorRuntime.js:117:21)
    at asyncGeneratorStep (C:\CFP_170\NodeJs\BookStore\node_modules\@babel\runtime\helpers\asyncToGenerator.js:3:24)
    at _next (C:\CFP_170\NodeJs\BookStore\node_modules\@babel\runtime\helpers\asyncToGenerator.js:25:9) 
    url - /api/v1/users/login 
    method - POST 
    IP - ::1
   {"timestamp":"2022-08-05T05:53:56.590Z"}
info: Server started at http://localhost:4000/api/v1/ {"timestamp":"2022-08-05T05:57:08.922Z"}
info: Connected to the database. {"timestamp":"2022-08-05T05:57:08.962Z"}
info: Server started at http://localhost:4000/api/v1/ {"timestamp":"2022-08-05T11:22:51.756Z"}
info: Connected to the database. {"timestamp":"2022-08-05T11:22:51.800Z"}
info: Server started at http://localhost:4000/api/v1/ {"timestamp":"2022-08-05T16:25:13.010Z"}
info: Connected to the database. {"timestamp":"2022-08-05T16:25:13.050Z"}
info: Server started at http://localhost:4000/api/v1/ {"timestamp":"2022-08-06T02:47:00.273Z"}
info: Connected to the database. {"timestamp":"2022-08-06T02:47:00.316Z"}
info: Server started at http://localhost:4000/api/v1/ {"timestamp":"2022-08-07T14:35:20.420Z"}
info: Connected to the database. {"timestamp":"2022-08-07T14:35:20.482Z"}
error: 
    status - 500 
    message - TypeError: cartService.addBook is not a function
    at _callee$ (C:\CFP_170\NodeJs\BookStore\src\controllers\/cart.controller.js:12:38)
    at tryCatch (C:\CFP_170\NodeJs\BookStore\node_modules\@babel\runtime\helpers\regeneratorRuntime.js:86:17)
    at Generator._invoke (C:\CFP_170\NodeJs\BookStore\node_modules\@babel\runtime\helpers\regeneratorRuntime.js:66:24)
    at Generator.next (C:\CFP_170\NodeJs\BookStore\node_modules\@babel\runtime\helpers\regeneratorRuntime.js:117:21)
    at asyncGeneratorStep (C:\CFP_170\NodeJs\BookStore\node_modules\@babel\runtime\helpers\asyncToGenerator.js:3:24)
    at _next (C:\CFP_170\NodeJs\BookStore\node_modules\@babel\runtime\helpers\asyncToGenerator.js:25:9)
    at C:\CFP_170\NodeJs\BookStore\node_modules\@babel\runtime\helpers\asyncToGenerator.js:32:7
    at new Promise (<anonymous>)
    at C:\CFP_170\NodeJs\BookStore\node_modules\@babel\runtime\helpers\asyncToGenerator.js:21:12
    at addBook (C:\CFP_170\NodeJs\BookStore\src\controllers\/cart.controller.js:10:22)
    at Layer.handle [as handle_request] (C:\CFP_170\NodeJs\BookStore\node_modules\express\lib\router\layer.js:95:5)
    at next (C:\CFP_170\NodeJs\BookStore\node_modules\express\lib\router\route.js:144:13)
    at _callee$ (C:\CFP_170\NodeJs\BookStore\src\middlewares\/auth.middleware.js:25:5)
    at tryCatch (C:\CFP_170\NodeJs\BookStore\node_modules\@babel\runtime\helpers\regeneratorRuntime.js:86:17)
    at Generator._invoke (C:\CFP_170\NodeJs\BookStore\node_modules\@babel\runtime\helpers\regeneratorRuntime.js:66:24)
    at Generator.next (C:\CFP_170\NodeJs\BookStore\node_modules\@babel\runtime\helpers\regeneratorRuntime.js:117:21) 
    url - /api/v1/carts/6214803b05253301a4fda584 
    method - POST 
    IP - ::1
   {"timestamp":"2022-08-07T14:37:33.382Z"}
info: Server started at http://localhost:4000/api/v1/ {"timestamp":"2022-08-07T14:38:46.842Z"}
info: Connected to the database. {"timestamp":"2022-08-07T14:38:46.894Z"}
info: Server started at http://localhost:4000/api/v1/ {"timestamp":"2022-08-07T14:46:38.067Z"}
info: Connected to the database. {"timestamp":"2022-08-07T14:46:38.097Z"}
info: Server started at http://localhost:4000/api/v1/ {"timestamp":"2022-08-07T14:54:20.362Z"}
info: Connected to the database. {"timestamp":"2022-08-07T14:54:20.404Z"}
info: Server started at http://localhost:4000/api/v1/ {"timestamp":"2022-08-07T14:56:30.949Z"}
info: Connected to the database. {"timestamp":"2022-08-07T14:56:30.983Z"}
info: Server started at http://localhost:4000/api/v1/ {"timestamp":"2022-08-07T15:01:46.793Z"}
info: Connected to the database. {"timestamp":"2022-08-07T15:01:46.918Z"}
info: Server started at http://localhost:4000/api/v1/ {"timestamp":"2022-08-07T15:09:45.668Z"}
info: Connected to the database. {"timestamp":"2022-08-07T15:09:45.700Z"}
info: Server started at http://localhost:4000/api/v1/ {"timestamp":"2022-08-08T10:49:31.341Z"}
info: Connected to the database. {"timestamp":"2022-08-08T10:49:31.405Z"}
info: Server started at http://localhost:4000/api/v1/ {"timestamp":"2022-08-08T10:54:49.263Z"}
info: Connected to the database. {"timestamp":"2022-08-08T10:54:49.291Z"}
error: 
    status - 500 
    message - ReferenceError: found is not defined
    at forEach (C:\CFP_170\NodeJs\BookStore\src\services\/cart.service.js:30:26)
    at CoreDocumentArray.forEach (<anonymous>)
    at _callee$ (C:\CFP_170\NodeJs\BookStore\src\services\/cart.service.js:27:28)
    at tryCatch (C:\CFP_170\NodeJs\BookStore\node_modules\@babel\runtime\helpers\regeneratorRuntime.js:86:17)
    at Generator._invoke (C:\CFP_170\NodeJs\BookStore\node_modules\@babel\runtime\helpers\regeneratorRuntime.js:66:24)
    at Generator.next (C:\CFP_170\NodeJs\BookStore\node_modules\@babel\runtime\helpers\regeneratorRuntime.js:117:21)
    at asyncGeneratorStep (C:\CFP_170\NodeJs\BookStore\node_modules\@babel\runtime\helpers\asyncToGenerator.js:3:24)
    at _next (C:\CFP_170\NodeJs\BookStore\node_modules\@babel\runtime\helpers\asyncToGenerator.js:25:9)
    at processTicksAndRejections (node:internal/process/task_queues:96:5) 
    url - /api/v1/carts/6215178d05253301a4fda5c4 
    method - POST 
    IP - ::1
   {"timestamp":"2022-08-08T10:55:33.092Z"}
info: Server started at http://localhost:4000/api/v1/ {"timestamp":"2022-08-08T10:56:09.954Z"}
info: Connected to the database. {"timestamp":"2022-08-08T10:56:09.990Z"}
error: 
    status - 500 
    message - ReferenceError: books is not defined
    at _callee$ (C:\CFP_170\NodeJs\BookStore\src\services\/cart.service.js:42:109)
    at tryCatch (C:\CFP_170\NodeJs\BookStore\node_modules\@babel\runtime\helpers\regeneratorRuntime.js:86:17)
    at Generator._invoke (C:\CFP_170\NodeJs\BookStore\node_modules\@babel\runtime\helpers\regeneratorRuntime.js:66:24)
    at Generator.next (C:\CFP_170\NodeJs\BookStore\node_modules\@babel\runtime\helpers\regeneratorRuntime.js:117:21)
    at asyncGeneratorStep (C:\CFP_170\NodeJs\BookStore\node_modules\@babel\runtime\helpers\asyncToGenerator.js:3:24)
    at _next (C:\CFP_170\NodeJs\BookStore\node_modules\@babel\runtime\helpers\asyncToGenerator.js:25:9)
    at processTicksAndRejections (node:internal/process/task_queues:96:5) 
    url - /api/v1/carts/6215178d05253301a4fda5c4 
    method - POST 
    IP - ::1
   {"timestamp":"2022-08-08T10:56:13.377Z"}
info: Server started at http://localhost:4000/api/v1/ {"timestamp":"2022-08-08T10:56:41.084Z"}
info: Connected to the database. {"timestamp":"2022-08-08T10:56:41.125Z"}
info: Server started at http://localhost:4000/api/v1/ {"timestamp":"2022-08-08T12:25:17.689Z"}
info: Connected to the database. {"timestamp":"2022-08-08T12:25:17.772Z"}
info: Server started at http://localhost:4000/api/v1/ {"timestamp":"2022-08-08T12:31:22.318Z"}
info: Connected to the database. {"timestamp":"2022-08-08T12:31:22.343Z"}
info: Server started at http://localhost:4000/api/v1/ {"timestamp":"2022-08-08T12:36:58.720Z"}
info: Connected to the database. {"timestamp":"2022-08-08T12:36:58.757Z"}
info: Server started at http://localhost:4000/api/v1/ {"timestamp":"2022-08-08T13:16:18.769Z"}
info: Connected to the database. {"timestamp":"2022-08-08T13:16:18.805Z"}
info: Server started at http://localhost:4000/api/v1/ {"timestamp":"2022-08-08T13:25:36.072Z"}
info: Connected to the database. {"timestamp":"2022-08-08T13:25:36.112Z"}
info: Server started at http://localhost:4000/api/v1/ {"timestamp":"2022-08-08T13:29:55.284Z"}
info: Connected to the database. {"timestamp":"2022-08-08T13:29:55.323Z"}
info: Server started at http://localhost:4000/api/v1/ {"timestamp":"2022-08-08T13:33:16.672Z"}
info: Connected to the database. {"timestamp":"2022-08-08T13:33:16.707Z"}
info: Server started at http://localhost:4000/api/v1/ {"timestamp":"2022-08-09T02:27:58.621Z"}
info: Connected to the database. {"timestamp":"2022-08-09T02:27:58.666Z"}
error: 
    status - 500 
    message - Error: Invalid Passowrd
    at _callee5$ (C:\CFP_170\NodeJs\BookStore\src\services\/user.service.js:53:13)
    at tryCatch (C:\CFP_170\NodeJs\BookStore\node_modules\@babel\runtime\helpers\regeneratorRuntime.js:86:17)
    at Generator._invoke (C:\CFP_170\NodeJs\BookStore\node_modules\@babel\runtime\helpers\regeneratorRuntime.js:66:24)
    at Generator.next (C:\CFP_170\NodeJs\BookStore\node_modules\@babel\runtime\helpers\regeneratorRuntime.js:117:21)
    at asyncGeneratorStep (C:\CFP_170\NodeJs\BookStore\node_modules\@babel\runtime\helpers\asyncToGenerator.js:3:24)
    at _next (C:\CFP_170\NodeJs\BookStore\node_modules\@babel\runtime\helpers\asyncToGenerator.js:25:9) 
    url - /api/v1/users/login 
    method - POST 
    IP - ::1
   {"timestamp":"2022-08-09T02:29:23.033Z"}
info: Server started at http://localhost:4000/api/v1/ {"timestamp":"2022-08-09T11:22:10.001Z"}
info: Connected to the database. {"timestamp":"2022-08-09T11:22:10.042Z"}
error: 
    status - 500 
    message - Error: Invalid Passowrd
    at _callee5$ (C:\CFP_170\NodeJs\BookStore\src\services\/user.service.js:53:13)
    at tryCatch (C:\CFP_170\NodeJs\BookStore\node_modules\@babel\runtime\helpers\regeneratorRuntime.js:86:17)
    at Generator._invoke (C:\CFP_170\NodeJs\BookStore\node_modules\@babel\runtime\helpers\regeneratorRuntime.js:66:24)
    at Generator.next (C:\CFP_170\NodeJs\BookStore\node_modules\@babel\runtime\helpers\regeneratorRuntime.js:117:21)
    at asyncGeneratorStep (C:\CFP_170\NodeJs\BookStore\node_modules\@babel\runtime\helpers\asyncToGenerator.js:3:24)
    at _next (C:\CFP_170\NodeJs\BookStore\node_modules\@babel\runtime\helpers\asyncToGenerator.js:25:9) 
    url - /api/v1/users/login 
    method - POST 
    IP - ::1
   {"timestamp":"2022-08-09T11:23:05.824Z"}
error: 
    status - 500 
    message - ValidationError: "lastName" length must be at least 4 characters long 
    url - /api/v1/users 
    method - POST 
    IP - ::1
   {"timestamp":"2022-08-09T11:23:58.854Z"}
info: Server started at http://localhost:4000/api/v1/ {"timestamp":"2022-08-09T11:32:20.906Z"}
info: Connected to the database. {"timestamp":"2022-08-09T11:32:20.948Z"}
error: 
    status - 500 
    message - Error: Book doesn't Exist
    at _callee$ (C:\CFP_170\NodeJs\BookStore\src\services\/cart.service.js:48:15)
    at tryCatch (C:\CFP_170\NodeJs\BookStore\node_modules\@babel\runtime\helpers\regeneratorRuntime.js:86:17)
    at Generator._invoke (C:\CFP_170\NodeJs\BookStore\node_modules\@babel\runtime\helpers\regeneratorRuntime.js:66:24)
    at Generator.next (C:\CFP_170\NodeJs\BookStore\node_modules\@babel\runtime\helpers\regeneratorRuntime.js:117:21)
    at asyncGeneratorStep (C:\CFP_170\NodeJs\BookStore\node_modules\@babel\runtime\helpers\asyncToGenerator.js:3:24)
    at _next (C:\CFP_170\NodeJs\BookStore\node_modules\@babel\runtime\helpers\asyncToGenerator.js:25:9)
    at processTicksAndRejections (node:internal/process/task_queues:96:5) 
    url - /api/v1/carts/6214803b05253301a4fda504 
    method - POST 
    IP - ::1
   {"timestamp":"2022-08-09T11:38:30.188Z"}
info: Server started at http://localhost:4000/api/v1/ {"timestamp":"2022-08-09T16:38:13.379Z"}
info: Connected to the database. {"timestamp":"2022-08-09T16:38:13.439Z"}
info: Server started at http://localhost:4000/api/v1/ {"timestamp":"2022-08-09T16:46:28.411Z"}
info: Connected to the database. {"timestamp":"2022-08-09T16:46:28.447Z"}
info: Server started at http://localhost:4000/api/v1/ {"timestamp":"2022-08-10T02:02:36.042Z"}
info: Connected to the database. {"timestamp":"2022-08-10T02:02:36.104Z"}
info: Server started at http://localhost:4000/api/v1/ {"timestamp":"2022-08-10T06:37:07.924Z"}
info: Connected to the database. {"timestamp":"2022-08-10T06:37:07.965Z"}
info: Server started at http://localhost:4000/api/v1/ {"timestamp":"2022-08-10T06:41:23.018Z"}
info: Connected to the database. {"timestamp":"2022-08-10T06:41:23.050Z"}
info: Server started at http://localhost:4000/api/v1/ {"timestamp":"2022-08-10T07:01:35.387Z"}
info: Connected to the database. {"timestamp":"2022-08-10T07:01:35.422Z"}
info: Server started at http://localhost:4000/api/v1/ {"timestamp":"2022-08-10T08:34:49.156Z"}
info: Connected to the database. {"timestamp":"2022-08-10T08:34:49.197Z"}
error: 
    status - 500 
    message - ReferenceError: checkBook is not defined
    at _callee$ (C:\CFP_170\NodeJs\BookStore\src\services\/cart.service.js:10:26)
    at tryCatch (C:\CFP_170\NodeJs\BookStore\node_modules\@babel\runtime\helpers\regeneratorRuntime.js:86:17)
    at Generator._invoke (C:\CFP_170\NodeJs\BookStore\node_modules\@babel\runtime\helpers\regeneratorRuntime.js:66:24)
    at Generator.next (C:\CFP_170\NodeJs\BookStore\node_modules\@babel\runtime\helpers\regeneratorRuntime.js:117:21)
    at asyncGeneratorStep (C:\CFP_170\NodeJs\BookStore\node_modules\@babel\runtime\helpers\asyncToGenerator.js:3:24)
    at _next (C:\CFP_170\NodeJs\BookStore\node_modules\@babel\runtime\helpers\asyncToGenerator.js:25:9)
    at processTicksAndRejections (node:internal/process/task_queues:96:5) 
    url - /api/v1/carts/6214803b05253301a4fda584 
    method - POST 
    IP - ::1
   {"timestamp":"2022-08-10T08:34:55.550Z"}
info: Server started at http://localhost:4000/api/v1/ {"timestamp":"2022-08-10T08:35:35.745Z"}
info: Connected to the database. {"timestamp":"2022-08-10T08:35:35.783Z"}
info: Server started at http://localhost:4000/api/v1/ {"timestamp":"2022-08-10T08:37:00.103Z"}
info: Connected to the database. {"timestamp":"2022-08-10T08:37:00.144Z"}
info: Server started at http://localhost:4000/api/v1/ {"timestamp":"2022-08-10T08:38:07.154Z"}
info: Connected to the database. {"timestamp":"2022-08-10T08:38:07.191Z"}
info: Server started at http://localhost:4000/api/v1/ {"timestamp":"2022-08-10T08:55:45.828Z"}
info: Connected to the database. {"timestamp":"2022-08-10T08:55:45.879Z"}
info: Server started at http://localhost:4000/api/v1/ {"timestamp":"2022-08-10T08:57:14.339Z"}
info: Connected to the database. {"timestamp":"2022-08-10T08:57:14.378Z"}
info: Server started at http://localhost:4000/api/v1/ {"timestamp":"2022-08-10T08:58:14.510Z"}
info: Connected to the database. {"timestamp":"2022-08-10T08:58:14.547Z"}
error: 
    status - 500 
    message - ValidationError: "firstName" is required 
    url - /api/v1/users 
    method - POST 
    IP - ::1
   {"timestamp":"2022-08-10T08:59:24.459Z"}
info: Server started at http://localhost:4000/api/v1/ {"timestamp":"2022-08-10T09:15:59.693Z"}
info: Connected to the database. {"timestamp":"2022-08-10T09:15:59.732Z"}
error: 
    status - 500 
    message - Error: Book not in the cart
    at _callee2$ (C:\CFP_170\NodeJs\BookStore\src\services\/cart.service.js:69:19)
    at tryCatch (C:\CFP_170\NodeJs\BookStore\node_modules\@babel\runtime\helpers\regeneratorRuntime.js:86:17)
    at Generator._invoke (C:\CFP_170\NodeJs\BookStore\node_modules\@babel\runtime\helpers\regeneratorRuntime.js:66:24)
    at Generator.next (C:\CFP_170\NodeJs\BookStore\node_modules\@babel\runtime\helpers\regeneratorRuntime.js:117:21)
    at asyncGeneratorStep (C:\CFP_170\NodeJs\BookStore\node_modules\@babel\runtime\helpers\asyncToGenerator.js:3:24)
    at _next (C:\CFP_170\NodeJs\BookStore\node_modules\@babel\runtime\helpers\asyncToGenerator.js:25:9)
    at processTicksAndRejections (node:internal/process/task_queues:96:5) 
    url - /api/v1/carts/isPurchased 
    method - PUT 
    IP - ::1
   {"timestamp":"2022-08-10T09:16:10.513Z"}
info: Server started at http://localhost:4000/api/v1/ {"timestamp":"2022-08-10T10:41:08.060Z"}
info: Connected to the database. {"timestamp":"2022-08-10T10:41:08.114Z"}
info: Server started at http://localhost:4000/api/v1/ {"timestamp":"2022-08-10T10:41:45.949Z"}
info: Connected to the database. {"timestamp":"2022-08-10T10:41:46.049Z"}
error: 
    status - 500 
    message - Error: Book not in the cart
    at _callee2$ (C:\CFP_170\NodeJs\BookStore\src\services\/cart.service.js:69:19)
    at tryCatch (C:\CFP_170\NodeJs\BookStore\node_modules\@babel\runtime\helpers\regeneratorRuntime.js:86:17)
    at Generator._invoke (C:\CFP_170\NodeJs\BookStore\node_modules\@babel\runtime\helpers\regeneratorRuntime.js:66:24)
    at Generator.next (C:\CFP_170\NodeJs\BookStore\node_modules\@babel\runtime\helpers\regeneratorRuntime.js:117:21)
    at asyncGeneratorStep (C:\CFP_170\NodeJs\BookStore\node_modules\@babel\runtime\helpers\asyncToGenerator.js:3:24)
    at _next (C:\CFP_170\NodeJs\BookStore\node_modules\@babel\runtime\helpers\asyncToGenerator.js:25:9)
    at processTicksAndRejections (node:internal/process/task_queues:96:5) 
    url - /api/v1/carts/isPurchased 
    method - PUT 
    IP - ::1
   {"timestamp":"2022-08-10T10:41:51.276Z"}
info: Server started at http://localhost:4000/api/v1/ {"timestamp":"2022-08-10T10:47:46.285Z"}
info: Connected to the database. {"timestamp":"2022-08-10T10:47:46.323Z"}
info: Server started at http://localhost:4000/api/v1/ {"timestamp":"2022-08-10T10:49:21.421Z"}
info: Connected to the database. {"timestamp":"2022-08-10T10:49:21.495Z"}
error: 
    status - 500 
    message - Error: Book not in the cart
    at _callee2$ (C:\CFP_170\NodeJs\BookStore\src\services\/cart.service.js:69:19)
    at tryCatch (C:\CFP_170\NodeJs\BookStore\node_modules\@babel\runtime\helpers\regeneratorRuntime.js:86:17)
    at Generator._invoke (C:\CFP_170\NodeJs\BookStore\node_modules\@babel\runtime\helpers\regeneratorRuntime.js:66:24)
    at Generator.next (C:\CFP_170\NodeJs\BookStore\node_modules\@babel\runtime\helpers\regeneratorRuntime.js:117:21)
    at asyncGeneratorStep (C:\CFP_170\NodeJs\BookStore\node_modules\@babel\runtime\helpers\asyncToGenerator.js:3:24)
    at _next (C:\CFP_170\NodeJs\BookStore\node_modules\@babel\runtime\helpers\asyncToGenerator.js:25:9)
    at processTicksAndRejections (node:internal/process/task_queues:96:5) 
    url - /api/v1/carts/isPurchased 
    method - PUT 
    IP - ::1
   {"timestamp":"2022-08-10T10:49:51.689Z"}
info: Server started at http://localhost:4000/api/v1/ {"timestamp":"2022-08-10T11:36:21.956Z"}
info: Connected to the database. {"timestamp":"2022-08-10T11:36:21.997Z"}
error: 
    status - 500 
    message - Error: Book not in the cart
    at _callee2$ (C:\CFP_170\NodeJs\BookStore\src\services\/cart.service.js:69:19)
    at tryCatch (C:\CFP_170\NodeJs\BookStore\node_modules\@babel\runtime\helpers\regeneratorRuntime.js:86:17)
    at Generator._invoke (C:\CFP_170\NodeJs\BookStore\node_modules\@babel\runtime\helpers\regeneratorRuntime.js:66:24)
    at Generator.next (C:\CFP_170\NodeJs\BookStore\node_modules\@babel\runtime\helpers\regeneratorRuntime.js:117:21)
    at asyncGeneratorStep (C:\CFP_170\NodeJs\BookStore\node_modules\@babel\runtime\helpers\asyncToGenerator.js:3:24)
    at _next (C:\CFP_170\NodeJs\BookStore\node_modules\@babel\runtime\helpers\asyncToGenerator.js:25:9)
    at processTicksAndRejections (node:internal/process/task_queues:96:5) 
    url - /api/v1/carts/isPurchased 
    method - PUT 
    IP - ::1
   {"timestamp":"2022-08-10T11:36:27.462Z"}
info: Server started at http://localhost:4000/api/v1/ {"timestamp":"2022-08-10T11:39:36.412Z"}
info: Connected to the database. {"timestamp":"2022-08-10T11:39:36.456Z"}
error: 
    status - 500 
    message - Error: Book not in the cart
    at _callee2$ (C:\CFP_170\NodeJs\BookStore\src\services\/cart.service.js:69:19)
    at tryCatch (C:\CFP_170\NodeJs\BookStore\node_modules\@babel\runtime\helpers\regeneratorRuntime.js:86:17)
    at Generator._invoke (C:\CFP_170\NodeJs\BookStore\node_modules\@babel\runtime\helpers\regeneratorRuntime.js:66:24)
    at Generator.next (C:\CFP_170\NodeJs\BookStore\node_modules\@babel\runtime\helpers\regeneratorRuntime.js:117:21)
    at asyncGeneratorStep (C:\CFP_170\NodeJs\BookStore\node_modules\@babel\runtime\helpers\asyncToGenerator.js:3:24)
    at _next (C:\CFP_170\NodeJs\BookStore\node_modules\@babel\runtime\helpers\asyncToGenerator.js:25:9)
    at processTicksAndRejections (node:internal/process/task_queues:96:5) 
    url - /api/v1/carts/isPurchased 
    method - PUT 
    IP - ::1
   {"timestamp":"2022-08-10T11:39:39.570Z"}
error: 
    status - 500 
    message - Error: Book not in the cart
    at _callee2$ (C:\CFP_170\NodeJs\BookStore\src\services\/cart.service.js:69:19)
    at tryCatch (C:\CFP_170\NodeJs\BookStore\node_modules\@babel\runtime\helpers\regeneratorRuntime.js:86:17)
    at Generator._invoke (C:\CFP_170\NodeJs\BookStore\node_modules\@babel\runtime\helpers\regeneratorRuntime.js:66:24)
    at Generator.next (C:\CFP_170\NodeJs\BookStore\node_modules\@babel\runtime\helpers\regeneratorRuntime.js:117:21)
    at asyncGeneratorStep (C:\CFP_170\NodeJs\BookStore\node_modules\@babel\runtime\helpers\asyncToGenerator.js:3:24)
    at _next (C:\CFP_170\NodeJs\BookStore\node_modules\@babel\runtime\helpers\asyncToGenerator.js:25:9)
    at processTicksAndRejections (node:internal/process/task_queues:96:5) 
    url - /api/v1/carts/isPurchased 
    method - PUT 
    IP - ::1
   {"timestamp":"2022-08-10T11:39:47.206Z"}
info: Server started at http://localhost:4000/api/v1/ {"timestamp":"2022-08-10T11:44:10.537Z"}
info: Connected to the database. {"timestamp":"2022-08-10T11:44:10.585Z"}
error: 
    status - 500 
    message - Error: Book not in the cart
    at _callee2$ (C:\CFP_170\NodeJs\BookStore\src\services\/cart.service.js:69:19)
    at tryCatch (C:\CFP_170\NodeJs\BookStore\node_modules\@babel\runtime\helpers\regeneratorRuntime.js:86:17)
    at Generator._invoke (C:\CFP_170\NodeJs\BookStore\node_modules\@babel\runtime\helpers\regeneratorRuntime.js:66:24)
    at Generator.next (C:\CFP_170\NodeJs\BookStore\node_modules\@babel\runtime\helpers\regeneratorRuntime.js:117:21)
    at asyncGeneratorStep (C:\CFP_170\NodeJs\BookStore\node_modules\@babel\runtime\helpers\asyncToGenerator.js:3:24)
    at _next (C:\CFP_170\NodeJs\BookStore\node_modules\@babel\runtime\helpers\asyncToGenerator.js:25:9)
    at processTicksAndRejections (node:internal/process/task_queues:96:5) 
    url - /api/v1/carts/isPurchased 
    method - PUT 
    IP - ::1
   {"timestamp":"2022-08-10T11:44:14.418Z"}
error: 
    status - 500 
    message - Error: Book not in the cart
    at _callee2$ (C:\CFP_170\NodeJs\BookStore\src\services\/cart.service.js:69:19)
    at tryCatch (C:\CFP_170\NodeJs\BookStore\node_modules\@babel\runtime\helpers\regeneratorRuntime.js:86:17)
    at Generator._invoke (C:\CFP_170\NodeJs\BookStore\node_modules\@babel\runtime\helpers\regeneratorRuntime.js:66:24)
    at Generator.next (C:\CFP_170\NodeJs\BookStore\node_modules\@babel\runtime\helpers\regeneratorRuntime.js:117:21)
    at asyncGeneratorStep (C:\CFP_170\NodeJs\BookStore\node_modules\@babel\runtime\helpers\asyncToGenerator.js:3:24)
    at _next (C:\CFP_170\NodeJs\BookStore\node_modules\@babel\runtime\helpers\asyncToGenerator.js:25:9)
    at processTicksAndRejections (node:internal/process/task_queues:96:5) 
    url - /api/v1/carts/isPurchased 
    method - PUT 
    IP - ::1
   {"timestamp":"2022-08-10T11:44:18.748Z"}
info: Server started at http://localhost:4000/api/v1/ {"timestamp":"2022-08-10T11:45:40.152Z"}
info: Connected to the database. {"timestamp":"2022-08-10T11:45:40.189Z"}
info: Server started at http://localhost:4000/api/v1/ {"timestamp":"2022-08-10T11:49:29.004Z"}
info: Connected to the database. {"timestamp":"2022-08-10T11:49:29.038Z"}
info: Server started at http://localhost:4000/api/v1/ {"timestamp":"2022-08-10T11:51:43.461Z"}
info: Connected to the database. {"timestamp":"2022-08-10T11:51:43.490Z"}
info: Server started at http://localhost:4000/api/v1/ {"timestamp":"2022-08-10T12:15:01.216Z"}
info: Connected to the database. {"timestamp":"2022-08-10T12:15:01.249Z"}
info: Server started at http://localhost:4000/api/v1/ {"timestamp":"2022-08-10T14:36:10.059Z"}
info: Connected to the database. {"timestamp":"2022-08-10T14:36:10.084Z"}
info: Server started at http://localhost:4000/api/v1/ {"timestamp":"2022-08-10T15:08:08.616Z"}
info: Connected to the database. {"timestamp":"2022-08-10T15:08:08.640Z"}
info: Server started at http://localhost:4000/api/v1/ {"timestamp":"2022-08-10T15:14:22.167Z"}
info: Connected to the database. {"timestamp":"2022-08-10T15:14:22.208Z"}
error: 
    status - 500 
    message - ReferenceError: Cart is not defined
    at _callee2$ (C:\CFP_170\NodeJs\BookStore\src\services\/wishlist.service.js:47:39)
    at tryCatch (C:\CFP_170\NodeJs\BookStore\node_modules\@babel\runtime\helpers\regeneratorRuntime.js:86:17)
    at Generator._invoke (C:\CFP_170\NodeJs\BookStore\node_modules\@babel\runtime\helpers\regeneratorRuntime.js:66:24)
    at Generator.next (C:\CFP_170\NodeJs\BookStore\node_modules\@babel\runtime\helpers\regeneratorRuntime.js:117:21)
    at asyncGeneratorStep (C:\CFP_170\NodeJs\BookStore\node_modules\@babel\runtime\helpers\asyncToGenerator.js:3:24)
    at _next (C:\CFP_170\NodeJs\BookStore\node_modules\@babel\runtime\helpers\asyncToGenerator.js:25:9)
    at processTicksAndRejections (node:internal/process/task_queues:96:5) 
    url - /api/v1/wishlist/6215178d05253301a4fda5c4 
    method - PUT 
    IP - ::1
   {"timestamp":"2022-08-10T15:14:50.349Z"}
error: 
    status - 500 
    message - ReferenceError: Cart is not defined
    at _callee2$ (C:\CFP_170\NodeJs\BookStore\src\services\/wishlist.service.js:47:39)
    at tryCatch (C:\CFP_170\NodeJs\BookStore\node_modules\@babel\runtime\helpers\regeneratorRuntime.js:86:17)
    at Generator._invoke (C:\CFP_170\NodeJs\BookStore\node_modules\@babel\runtime\helpers\regeneratorRuntime.js:66:24)
    at Generator.next (C:\CFP_170\NodeJs\BookStore\node_modules\@babel\runtime\helpers\regeneratorRuntime.js:117:21)
    at asyncGeneratorStep (C:\CFP_170\NodeJs\BookStore\node_modules\@babel\runtime\helpers\asyncToGenerator.js:3:24)
    at _next (C:\CFP_170\NodeJs\BookStore\node_modules\@babel\runtime\helpers\asyncToGenerator.js:25:9)
    at processTicksAndRejections (node:internal/process/task_queues:96:5) 
    url - /api/v1/wishlist/621588f105253301a4fda5d0 
    method - PUT 
    IP - ::1
   {"timestamp":"2022-08-10T15:19:40.565Z"}
info: Server started at http://localhost:4000/api/v1/ {"timestamp":"2022-08-10T15:30:03.852Z"}
info: Connected to the database. {"timestamp":"2022-08-10T15:30:03.908Z"}
