error: uncaughtException: listen EADDRINUSE: address already in use :::3000
Error: listen EADDRINUSE: address already in use :::3000
    at Server.setupListenHandle [as _listen2] (node:net:1372:16)
    at listenInCluster (node:net:1420:12)
    at Server.listen (node:net:1508:7)
    at Function.listen (C:\CFP_170\NodeJs\BookStore\node_modules\express\lib\application.js:635:24)
    at Object.<anonymous> (C:\CFP_170\NodeJs\BookStore\src\/index.js:37:5)
    at Module._compile (node:internal/modules/cjs/loader:1105:14)
    at Module._compile (C:\CFP_170\NodeJs\BookStore\node_modules\pirates\lib\index.js:136:24)
    at Module._extensions..js (node:internal/modules/cjs/loader:1159:10)
    at Object.newLoader [as .js] (C:\CFP_170\NodeJs\BookStore\node_modules\pirates\lib\index.js:141:7)
    at Module.load (node:internal/modules/cjs/loader:981:32)
    at Function.Module._load (node:internal/modules/cjs/loader:822:12)
    at Function.executeUserEntryPoint [as runMain] (node:internal/modules/run_main:77:12)
    at Object.<anonymous> (C:\CFP_170\NodeJs\BookStore\node_modules\@babel\node\lib\_babel-node.js:176:21)
    at Module._compile (node:internal/modules/cjs/loader:1105:14)
    at Object.Module._extensions..js (node:internal/modules/cjs/loader:1159:10)
    at Module.load (node:internal/modules/cjs/loader:981:32) {"date":"Wed Aug 03 2022 15:51:01 GMT+0530 (India Standard Time)","error":{"address":"::","code":"EADDRINUSE","errno":-4091,"port":3000,"syscall":"listen"},"exception":true,"os":{"loadavg":[0,0,0],"uptime":243295},"process":{"argv":["node","C:\\CFP_170\\NodeJs\\BookStore\\src\\index.js"],"cwd":"C:\\CFP_170\\NodeJs\\BookStore","execPath":"C:\\Program Files\\nodejs\\node.exe","gid":null,"memoryUsage":{"arrayBuffers":19203764,"external":30884141,"heapTotal":80805888,"heapUsed":55741672,"rss":115466240},"pid":19508,"uid":null,"version":"v16.15.1"},"stack":"Error: listen EADDRINUSE: address already in use :::3000\n    at Server.setupListenHandle [as _listen2] (node:net:1372:16)\n    at listenInCluster (node:net:1420:12)\n    at Server.listen (node:net:1508:7)\n    at Function.listen (C:\\CFP_170\\NodeJs\\BookStore\\node_modules\\express\\lib\\application.js:635:24)\n    at Object.<anonymous> (C:\\CFP_170\\NodeJs\\BookStore\\src\\/index.js:37:5)\n    at Module._compile (node:internal/modules/cjs/loader:1105:14)\n    at Module._compile (C:\\CFP_170\\NodeJs\\BookStore\\node_modules\\pirates\\lib\\index.js:136:24)\n    at Module._extensions..js (node:internal/modules/cjs/loader:1159:10)\n    at Object.newLoader [as .js] (C:\\CFP_170\\NodeJs\\BookStore\\node_modules\\pirates\\lib\\index.js:141:7)\n    at Module.load (node:internal/modules/cjs/loader:981:32)\n    at Function.Module._load (node:internal/modules/cjs/loader:822:12)\n    at Function.executeUserEntryPoint [as runMain] (node:internal/modules/run_main:77:12)\n    at Object.<anonymous> (C:\\CFP_170\\NodeJs\\BookStore\\node_modules\\@babel\\node\\lib\\_babel-node.js:176:21)\n    at Module._compile (node:internal/modules/cjs/loader:1105:14)\n    at Object.Module._extensions..js (node:internal/modules/cjs/loader:1159:10)\n    at Module.load (node:internal/modules/cjs/loader:981:32)","trace":[{"column":16,"file":"node:net","function":"Server.setupListenHandle [as _listen2]","line":1372,"method":"setupListenHandle [as _listen2]","native":false},{"column":12,"file":"node:net","function":"listenInCluster","line":1420,"method":null,"native":false},{"column":7,"file":"node:net","function":"Server.listen","line":1508,"method":"listen","native":false},{"column":24,"file":"C:\\CFP_170\\NodeJs\\BookStore\\node_modules\\express\\lib\\application.js","function":"Function.listen","line":635,"method":"listen","native":false},{"column":5,"file":"C:\\CFP_170\\NodeJs\\BookStore\\src\\/index.js","function":null,"line":37,"method":null,"native":false},{"column":14,"file":"node:internal/modules/cjs/loader","function":"Module._compile","line":1105,"method":"_compile","native":false},{"column":24,"file":"C:\\CFP_170\\NodeJs\\BookStore\\node_modules\\pirates\\lib\\index.js","function":"Module._compile","line":136,"method":"_compile","native":false},{"column":10,"file":"node:internal/modules/cjs/loader","function":"Module._extensions..js","line":1159,"method":".js","native":false},{"column":7,"file":"C:\\CFP_170\\NodeJs\\BookStore\\node_modules\\pirates\\lib\\index.js","function":"Object.newLoader [as .js]","line":141,"method":"js]","native":false},{"column":32,"file":"node:internal/modules/cjs/loader","function":"Module.load","line":981,"method":"load","native":false},{"column":12,"file":"node:internal/modules/cjs/loader","function":"Module._load","line":822,"method":"_load","native":false},{"column":12,"file":"node:internal/modules/run_main","function":"Function.executeUserEntryPoint [as runMain]","line":77,"method":"executeUserEntryPoint [as runMain]","native":false},{"column":21,"file":"C:\\CFP_170\\NodeJs\\BookStore\\node_modules\\@babel\\node\\lib\\_babel-node.js","function":null,"line":176,"method":null,"native":false},{"column":14,"file":"node:internal/modules/cjs/loader","function":"Module._compile","line":1105,"method":"_compile","native":false},{"column":10,"file":"node:internal/modules/cjs/loader","function":"Module._extensions..js","line":1159,"method":".js","native":false},{"column":32,"file":"node:internal/modules/cjs/loader","function":"Module.load","line":981,"method":"load","native":false}]}
info: ::1 - - [03/Aug/2022:10:31:04 +0000] "POST /api/v1/users HTTP/1.1" 201 193 "-" "PostmanRuntime/7.29.2"

info: ::1 - - [03/Aug/2022:10:55:25 +0000] "POST /api/v1/users HTTP/1.1" 500 55 "-" "PostmanRuntime/7.29.2"

info: ::1 - - [03/Aug/2022:10:58:04 +0000] "POST /api/v1/users HTTP/1.1" 500 55 "-" "PostmanRuntime/7.29.2"

info: ::1 - - [03/Aug/2022:11:00:48 +0000] "POST /api/v1/users HTTP/1.1" 500 60 "-" "PostmanRuntime/7.29.2"

info: ::1 - - [03/Aug/2022:11:02:35 +0000] "POST /api/v1/users HTTP/1.1" 500 60 "-" "PostmanRuntime/7.29.2"

info: ::1 - - [03/Aug/2022:11:04:37 +0000] "POST /api/v1/users HTTP/1.1" 201 266 "-" "PostmanRuntime/7.29.2"

info: ::1 - - [03/Aug/2022:11:06:20 +0000] "POST /api/v1/users HTTP/1.1" 201 272 "-" "PostmanRuntime/7.29.2"

info: ::1 - - [03/Aug/2022:11:09:44 +0000] "POST /api/v1/users HTTP/1.1" 201 273 "-" "PostmanRuntime/7.29.2"

info: ::1 - - [03/Aug/2022:11:29:03 +0000] "POST /api/v1/users HTTP/1.1" 500 60 "-" "PostmanRuntime/7.29.2"

info: ::1 - - [03/Aug/2022:11:29:14 +0000] "POST /api/v1/users/login HTTP/1.1" 200 271 "-" "PostmanRuntime/7.29.2"

error: uncaughtException: Router.use() requires a middleware function but got a Object
TypeError: Router.use() requires a middleware function but got a Object
    at Function.use (C:\CFP_170\NodeJs\BookStore\node_modules\express\lib\router\index.js:469:13)
    at routes (C:\CFP_170\NodeJs\BookStore\src\routes\/index.js:16:10)
    at Object.<anonymous> (C:\CFP_170\NodeJs\BookStore\src\/index.js:32:32)
    at Module._compile (node:internal/modules/cjs/loader:1105:14)
    at Module._compile (C:\CFP_170\NodeJs\BookStore\node_modules\pirates\lib\index.js:136:24)
    at Module._extensions..js (node:internal/modules/cjs/loader:1159:10)
    at Object.newLoader [as .js] (C:\CFP_170\NodeJs\BookStore\node_modules\pirates\lib\index.js:141:7)
    at Module.load (node:internal/modules/cjs/loader:981:32)
    at Function.Module._load (node:internal/modules/cjs/loader:822:12)
    at Function.executeUserEntryPoint [as runMain] (node:internal/modules/run_main:77:12)
    at Object.<anonymous> (C:\CFP_170\NodeJs\BookStore\node_modules\@babel\node\lib\_babel-node.js:176:21)
    at Module._compile (node:internal/modules/cjs/loader:1105:14)
    at Object.Module._extensions..js (node:internal/modules/cjs/loader:1159:10)
    at Module.load (node:internal/modules/cjs/loader:981:32)
    at Function.Module._load (node:internal/modules/cjs/loader:822:12)
    at Function.executeUserEntryPoint [as runMain] (node:internal/modules/run_main:77:12) {"date":"Wed Aug 03 2022 21:28:04 GMT+0530 (India Standard Time)","error":{},"exception":true,"os":{"loadavg":[0,0,0],"uptime":263519},"process":{"argv":["node","C:\\CFP_170\\NodeJs\\BookStore\\src\\index.js"],"cwd":"C:\\CFP_170\\NodeJs\\BookStore","execPath":"C:\\Program Files\\nodejs\\node.exe","gid":null,"memoryUsage":{"arrayBuffers":18298342,"external":22678544,"heapTotal":81608704,"heapUsed":44739904,"rss":114634752},"pid":17656,"uid":null,"version":"v16.15.1"},"stack":"TypeError: Router.use() requires a middleware function but got a Object\n    at Function.use (C:\\CFP_170\\NodeJs\\BookStore\\node_modules\\express\\lib\\router\\index.js:469:13)\n    at routes (C:\\CFP_170\\NodeJs\\BookStore\\src\\routes\\/index.js:16:10)\n    at Object.<anonymous> (C:\\CFP_170\\NodeJs\\BookStore\\src\\/index.js:32:32)\n    at Module._compile (node:internal/modules/cjs/loader:1105:14)\n    at Module._compile (C:\\CFP_170\\NodeJs\\BookStore\\node_modules\\pirates\\lib\\index.js:136:24)\n    at Module._extensions..js (node:internal/modules/cjs/loader:1159:10)\n    at Object.newLoader [as .js] (C:\\CFP_170\\NodeJs\\BookStore\\node_modules\\pirates\\lib\\index.js:141:7)\n    at Module.load (node:internal/modules/cjs/loader:981:32)\n    at Function.Module._load (node:internal/modules/cjs/loader:822:12)\n    at Function.executeUserEntryPoint [as runMain] (node:internal/modules/run_main:77:12)\n    at Object.<anonymous> (C:\\CFP_170\\NodeJs\\BookStore\\node_modules\\@babel\\node\\lib\\_babel-node.js:176:21)\n    at Module._compile (node:internal/modules/cjs/loader:1105:14)\n    at Object.Module._extensions..js (node:internal/modules/cjs/loader:1159:10)\n    at Module.load (node:internal/modules/cjs/loader:981:32)\n    at Function.Module._load (node:internal/modules/cjs/loader:822:12)\n    at Function.executeUserEntryPoint [as runMain] (node:internal/modules/run_main:77:12)","trace":[{"column":13,"file":"C:\\CFP_170\\NodeJs\\BookStore\\node_modules\\express\\lib\\router\\index.js","function":"Function.use","line":469,"method":"use","native":false},{"column":10,"file":"C:\\CFP_170\\NodeJs\\BookStore\\src\\routes\\/index.js","function":"routes","line":16,"method":null,"native":false},{"column":32,"file":"C:\\CFP_170\\NodeJs\\BookStore\\src\\/index.js","function":null,"line":32,"method":null,"native":false},{"column":14,"file":"node:internal/modules/cjs/loader","function":"Module._compile","line":1105,"method":"_compile","native":false},{"column":24,"file":"C:\\CFP_170\\NodeJs\\BookStore\\node_modules\\pirates\\lib\\index.js","function":"Module._compile","line":136,"method":"_compile","native":false},{"column":10,"file":"node:internal/modules/cjs/loader","function":"Module._extensions..js","line":1159,"method":".js","native":false},{"column":7,"file":"C:\\CFP_170\\NodeJs\\BookStore\\node_modules\\pirates\\lib\\index.js","function":"Object.newLoader [as .js]","line":141,"method":"js]","native":false},{"column":32,"file":"node:internal/modules/cjs/loader","function":"Module.load","line":981,"method":"load","native":false},{"column":12,"file":"node:internal/modules/cjs/loader","function":"Module._load","line":822,"method":"_load","native":false},{"column":12,"file":"node:internal/modules/run_main","function":"Function.executeUserEntryPoint [as runMain]","line":77,"method":"executeUserEntryPoint [as runMain]","native":false},{"column":21,"file":"C:\\CFP_170\\NodeJs\\BookStore\\node_modules\\@babel\\node\\lib\\_babel-node.js","function":null,"line":176,"method":null,"native":false},{"column":14,"file":"node:internal/modules/cjs/loader","function":"Module._compile","line":1105,"method":"_compile","native":false},{"column":10,"file":"node:internal/modules/cjs/loader","function":"Module._extensions..js","line":1159,"method":".js","native":false},{"column":32,"file":"node:internal/modules/cjs/loader","function":"Module.load","line":981,"method":"load","native":false},{"column":12,"file":"node:internal/modules/cjs/loader","function":"Module._load","line":822,"method":"_load","native":false},{"column":12,"file":"node:internal/modules/run_main","function":"Function.executeUserEntryPoint [as runMain]","line":77,"method":"executeUserEntryPoint [as runMain]","native":false}]}
error: uncaughtException: Router.use() requires a middleware function but got a Object
TypeError: Router.use() requires a middleware function but got a Object
    at Function.use (C:\CFP_170\NodeJs\BookStore\node_modules\express\lib\router\index.js:469:13)
    at routes (C:\CFP_170\NodeJs\BookStore\src\routes\/index.js:16:10)
    at Object.<anonymous> (C:\CFP_170\NodeJs\BookStore\src\/index.js:32:32)
    at Module._compile (node:internal/modules/cjs/loader:1105:14)
    at Module._compile (C:\CFP_170\NodeJs\BookStore\node_modules\pirates\lib\index.js:136:24)
    at Module._extensions..js (node:internal/modules/cjs/loader:1159:10)
    at Object.newLoader [as .js] (C:\CFP_170\NodeJs\BookStore\node_modules\pirates\lib\index.js:141:7)
    at Module.load (node:internal/modules/cjs/loader:981:32)
    at Function.Module._load (node:internal/modules/cjs/loader:822:12)
    at Function.executeUserEntryPoint [as runMain] (node:internal/modules/run_main:77:12)
    at Object.<anonymous> (C:\CFP_170\NodeJs\BookStore\node_modules\@babel\node\lib\_babel-node.js:176:21)
    at Module._compile (node:internal/modules/cjs/loader:1105:14)
    at Object.Module._extensions..js (node:internal/modules/cjs/loader:1159:10)
    at Module.load (node:internal/modules/cjs/loader:981:32)
    at Function.Module._load (node:internal/modules/cjs/loader:822:12)
    at Function.executeUserEntryPoint [as runMain] (node:internal/modules/run_main:77:12) {"date":"Wed Aug 03 2022 21:34:20 GMT+0530 (India Standard Time)","error":{},"exception":true,"os":{"loadavg":[0,0,0],"uptime":263895},"process":{"argv":["node","C:\\CFP_170\\NodeJs\\BookStore\\src\\index.js"],"cwd":"C:\\CFP_170\\NodeJs\\BookStore","execPath":"C:\\Program Files\\nodejs\\node.exe","gid":null,"memoryUsage":{"arrayBuffers":19086363,"external":22418948,"heapTotal":82657280,"heapUsed":55790896,"rss":115830784},"pid":11840,"uid":null,"version":"v16.15.1"},"stack":"TypeError: Router.use() requires a middleware function but got a Object\n    at Function.use (C:\\CFP_170\\NodeJs\\BookStore\\node_modules\\express\\lib\\router\\index.js:469:13)\n    at routes (C:\\CFP_170\\NodeJs\\BookStore\\src\\routes\\/index.js:16:10)\n    at Object.<anonymous> (C:\\CFP_170\\NodeJs\\BookStore\\src\\/index.js:32:32)\n    at Module._compile (node:internal/modules/cjs/loader:1105:14)\n    at Module._compile (C:\\CFP_170\\NodeJs\\BookStore\\node_modules\\pirates\\lib\\index.js:136:24)\n    at Module._extensions..js (node:internal/modules/cjs/loader:1159:10)\n    at Object.newLoader [as .js] (C:\\CFP_170\\NodeJs\\BookStore\\node_modules\\pirates\\lib\\index.js:141:7)\n    at Module.load (node:internal/modules/cjs/loader:981:32)\n    at Function.Module._load (node:internal/modules/cjs/loader:822:12)\n    at Function.executeUserEntryPoint [as runMain] (node:internal/modules/run_main:77:12)\n    at Object.<anonymous> (C:\\CFP_170\\NodeJs\\BookStore\\node_modules\\@babel\\node\\lib\\_babel-node.js:176:21)\n    at Module._compile (node:internal/modules/cjs/loader:1105:14)\n    at Object.Module._extensions..js (node:internal/modules/cjs/loader:1159:10)\n    at Module.load (node:internal/modules/cjs/loader:981:32)\n    at Function.Module._load (node:internal/modules/cjs/loader:822:12)\n    at Function.executeUserEntryPoint [as runMain] (node:internal/modules/run_main:77:12)","trace":[{"column":13,"file":"C:\\CFP_170\\NodeJs\\BookStore\\node_modules\\express\\lib\\router\\index.js","function":"Function.use","line":469,"method":"use","native":false},{"column":10,"file":"C:\\CFP_170\\NodeJs\\BookStore\\src\\routes\\/index.js","function":"routes","line":16,"method":null,"native":false},{"column":32,"file":"C:\\CFP_170\\NodeJs\\BookStore\\src\\/index.js","function":null,"line":32,"method":null,"native":false},{"column":14,"file":"node:internal/modules/cjs/loader","function":"Module._compile","line":1105,"method":"_compile","native":false},{"column":24,"file":"C:\\CFP_170\\NodeJs\\BookStore\\node_modules\\pirates\\lib\\index.js","function":"Module._compile","line":136,"method":"_compile","native":false},{"column":10,"file":"node:internal/modules/cjs/loader","function":"Module._extensions..js","line":1159,"method":".js","native":false},{"column":7,"file":"C:\\CFP_170\\NodeJs\\BookStore\\node_modules\\pirates\\lib\\index.js","function":"Object.newLoader [as .js]","line":141,"method":"js]","native":false},{"column":32,"file":"node:internal/modules/cjs/loader","function":"Module.load","line":981,"method":"load","native":false},{"column":12,"file":"node:internal/modules/cjs/loader","function":"Module._load","line":822,"method":"_load","native":false},{"column":12,"file":"node:internal/modules/run_main","function":"Function.executeUserEntryPoint [as runMain]","line":77,"method":"executeUserEntryPoint [as runMain]","native":false},{"column":21,"file":"C:\\CFP_170\\NodeJs\\BookStore\\node_modules\\@babel\\node\\lib\\_babel-node.js","function":null,"line":176,"method":null,"native":false},{"column":14,"file":"node:internal/modules/cjs/loader","function":"Module._compile","line":1105,"method":"_compile","native":false},{"column":10,"file":"node:internal/modules/cjs/loader","function":"Module._extensions..js","line":1159,"method":".js","native":false},{"column":32,"file":"node:internal/modules/cjs/loader","function":"Module.load","line":981,"method":"load","native":false},{"column":12,"file":"node:internal/modules/cjs/loader","function":"Module._load","line":822,"method":"_load","native":false},{"column":12,"file":"node:internal/modules/run_main","function":"Function.executeUserEntryPoint [as runMain]","line":77,"method":"executeUserEntryPoint [as runMain]","native":false}]}
info: ::1 - - [04/Aug/2022:02:03:28 +0000] "GET /api/v1/books HTTP/1.1" 200 9414 "-" "PostmanRuntime/7.29.2"

info: ::1 - - [04/Aug/2022:02:25:47 +0000] "GET /api/v1/books/621588af05253301a4fda5ce HTTP/1.1" 500 140 "-" "PostmanRuntime/7.29.2"

info: ::1 - - [04/Aug/2022:02:27:13 +0000] "GET /api/v1/books/6214803b05253301a4fda584 HTTP/1.1" 500 140 "-" "PostmanRuntime/7.29.2"

info: ::1 - - [04/Aug/2022:02:38:07 +0000] "GET /api/v1/books/6214803b05253301a4fda584 HTTP/1.1" 200 1345 "-" "PostmanRuntime/7.29.2"

info: ::1 - - [04/Aug/2022:10:16:23 +0000] "GET /api/v1/books HTTP/1.1" 200 9414 "-" "PostmanRuntime/7.29.2"

info: ::1 - - [04/Aug/2022:10:16:35 +0000] "GET /api/v1/books/6214803b05253301a4fda584 HTTP/1.1" 200 1345 "-" "PostmanRuntime/7.29.2"

info: ::1 - - [04/Aug/2022:10:19:43 +0000] "POST /api/v1/users HTTP/1.1" 201 269 "-" "PostmanRuntime/7.29.2"

info: ::1 - - [04/Aug/2022:10:20:14 +0000] "POST /api/v1/users/login HTTP/1.1" 200 267 "-" "PostmanRuntime/7.29.2"

info: ::1 - - [05/Aug/2022:05:52:03 +0000] "POST /api/v1/users/login HTTP/1.1" 500 51 "-" "PostmanRuntime/7.29.2"

info: ::1 - - [05/Aug/2022:05:53:36 +0000] "POST /api/v1/users HTTP/1.1" 201 266 "-" "PostmanRuntime/7.29.2"

info: ::1 - - [05/Aug/2022:05:53:56 +0000] "POST /api/v1/users/login HTTP/1.1" 500 51 "-" "PostmanRuntime/7.29.2"

info: ::1 - - [05/Aug/2022:05:57:44 +0000] "POST /api/v1/users HTTP/1.1" 201 320 "-" "PostmanRuntime/7.29.2"

info: ::1 - - [05/Aug/2022:05:57:54 +0000] "POST /api/v1/users/login HTTP/1.1" 200 270 "-" "PostmanRuntime/7.29.2"

info: ::1 - - [05/Aug/2022:06:05:51 +0000] "POST /api/v1/users/login HTTP/1.1" 200 270 "-" "PostmanRuntime/7.29.2"

info: ::1 - - [05/Aug/2022:06:07:27 +0000] "POST /api/v1/users/login HTTP/1.1" 200 270 "-" "PostmanRuntime/7.29.2"

info: ::1 - - [05/Aug/2022:07:22:28 +0000] "POST /api/v1/cart HTTP/1.1" 404 47 "-" "PostmanRuntime/7.29.2"

info: ::1 - - [05/Aug/2022:07:22:44 +0000] "POST /api/v1/carts HTTP/1.1" 401 40 "-" "PostmanRuntime/7.29.2"

info: ::1 - - [05/Aug/2022:11:23:16 +0000] "POST /api/v1/users/login HTTP/1.1" 200 270 "-" "PostmanRuntime/7.29.2"

info: ::1 - - [05/Aug/2022:11:24:13 +0000] "POST /api/v1/carts/62ecb158f9ac9d53ac29a90e/eyJhbGciOiJIUzI1NiIsInR5cCI6IkpXVCJ9.eyJJZCI6IjYyZWNiMTU4ZjlhYzlkNTNhYzI5YTkwZSIsImZpcnN0TmFtZSI6Ikdvd3JhdiIsImVtYWlsIjoiZ293cmF2QGdtYWlsLmNvbSIsImlhdCI6MTY1OTY5ODU5Nn0.TDaywPp9nk6gvLbD_wapcddoqYfqijyVvACDEYgWcUo HTTP/1.1" 401 40 "-" "PostmanRuntime/7.29.2"

info: ::1 - - [07/Aug/2022:14:36:18 +0000] "POST /api/v1/users/login HTTP/1.1" 200 270 "-" "PostmanRuntime/7.29.2"

info: ::1 - - [07/Aug/2022:14:37:33 +0000] "POST /api/v1/carts/6214803b05253301a4fda584 HTTP/1.1" 500 72 "-" "PostmanRuntime/7.29.2"

info: ::1 - - [07/Aug/2022:14:39:21 +0000] "POST /api/v1/carts/6214803b05253301a4fda584 HTTP/1.1" 201 1455 "-" "PostmanRuntime/7.29.2"

info: ::1 - - [07/Aug/2022:14:42:39 +0000] "POST /api/v1/carts/6214803b05253301a4fda584 HTTP/1.1" 201 1455 "-" "PostmanRuntime/7.29.2"

info: ::1 - - [07/Aug/2022:14:46:18 +0000] "POST /api/v1/carts/6214803b05253301a4fda584 HTTP/1.1" 201 1455 "-" "PostmanRuntime/7.29.2"

info: ::1 - - [07/Aug/2022:14:46:45 +0000] "POST /api/v1/carts/6214803b05253301a4fda584 HTTP/1.1" 201 1455 "-" "PostmanRuntime/7.29.2"

info: ::1 - - [07/Aug/2022:14:54:38 +0000] "POST /api/v1/carts/6214803b05253301a4fda584 HTTP/1.1" 201 50 "-" "PostmanRuntime/7.29.2"

info: ::1 - - [07/Aug/2022:14:56:37 +0000] "POST /api/v1/carts/6214803b05253301a4fda584 HTTP/1.1" 201 1455 "-" "PostmanRuntime/7.29.2"

info: ::1 - - [07/Aug/2022:15:01:52 +0000] "POST /api/v1/carts/6214803b05253301a4fda584 HTTP/1.1" 201 1305 "-" "PostmanRuntime/7.29.2"

info: ::1 - - [07/Aug/2022:15:02:36 +0000] "POST /api/v1/carts/6214803b05253301a4fda584 HTTP/1.1" 201 1305 "-" "PostmanRuntime/7.29.2"

info: ::1 - - [07/Aug/2022:15:04:05 +0000] "POST /api/v1/carts/6214803b05253301a4fda584 HTTP/1.1" 201 1305 "-" "PostmanRuntime/7.29.2"

info: ::1 - - [07/Aug/2022:15:04:17 +0000] "POST /api/v1/carts/6214803b05253301a4fda584 HTTP/1.1" 201 1305 "-" "PostmanRuntime/7.29.2"

info: ::1 - - [07/Aug/2022:15:09:50 +0000] "POST /api/v1/carts/6214803b05253301a4fda584 HTTP/1.1" 201 1318 "-" "PostmanRuntime/7.29.2"

info: ::1 - - [07/Aug/2022:15:10:06 +0000] "POST /api/v1/carts/6214803b05253301a4fda584 HTTP/1.1" 201 1318 "-" "PostmanRuntime/7.29.2"

info: ::1 - - [07/Aug/2022:15:10:47 +0000] "POST /api/v1/carts/6215178d05253301a4fda5c4 HTTP/1.1" 201 1542 "-" "PostmanRuntime/7.29.2"

info: ::1 - - [07/Aug/2022:15:11:10 +0000] "POST /api/v1/carts/6215178d05253301a4fda5c4 HTTP/1.1" 201 1542 "-" "PostmanRuntime/7.29.2"

info: ::1 - - [08/Aug/2022:10:55:33 +0000] "POST /api/v1/carts/6215178d05253301a4fda5c4 HTTP/1.1" 500 55 "-" "PostmanRuntime/7.29.2"

info: ::1 - - [08/Aug/2022:10:56:13 +0000] "POST /api/v1/carts/6215178d05253301a4fda5c4 HTTP/1.1" 500 55 "-" "PostmanRuntime/7.29.2"

info: ::1 - - [08/Aug/2022:10:56:59 +0000] "POST /api/v1/carts/6215178d05253301a4fda5c4 HTTP/1.1" 201 1543 "-" "PostmanRuntime/7.29.2"

info: ::1 - - [08/Aug/2022:11:02:27 +0000] "POST /api/v1/carts/6215178d05253301a4fda5c4 HTTP/1.1" 201 371 "-" "PostmanRuntime/7.29.2"

info: ::1 - - [08/Aug/2022:11:02:34 +0000] "POST /api/v1/carts/6215178d05253301a4fda5c4 HTTP/1.1" 201 369 "-" "PostmanRuntime/7.29.2"

info: ::1 - - [08/Aug/2022:11:02:42 +0000] "POST /api/v1/carts/6215178d05253301a4fda5c4 HTTP/1.1" 201 369 "-" "PostmanRuntime/7.29.2"

info: ::1 - - [08/Aug/2022:11:17:23 +0000] "POST /api/v1/carts/6215178d05253301a4fda5c4 HTTP/1.1" 201 369 "-" "PostmanRuntime/7.29.2"

info: ::1 - - [08/Aug/2022:12:25:25 +0000] "POST /api/v1/carts/6215178d05253301a4fda5c4 HTTP/1.1" 201 371 "-" "PostmanRuntime/7.29.2"

info: ::1 - - [08/Aug/2022:12:25:35 +0000] "POST /api/v1/carts/6215178d05253301a4fda5c4 HTTP/1.1" 201 372 "-" "PostmanRuntime/7.29.2"

info: ::1 - - [08/Aug/2022:12:26:01 +0000] "POST /api/v1/carts/6215888305253301a4fda5cd HTTP/1.1" 201 590 "-" "PostmanRuntime/7.29.2"

info: ::1 - - [08/Aug/2022:12:31:43 +0000] "POST /api/v1/carts/621588af05253301a4fda5ce HTTP/1.1" 201 772 "-" "PostmanRuntime/7.29.2"

info: ::1 - - [08/Aug/2022:12:37:20 +0000] "POST /api/v1/carts/62158a3005253301a4fda5dd HTTP/1.1" 201 945 "-" "PostmanRuntime/7.29.2"

info: ::1 - - [08/Aug/2022:12:37:43 +0000] "POST /api/v1/carts/62158a3005253301a4fda5dd HTTP/1.1" 201 324 "-" "PostmanRuntime/7.29.2"

info: ::1 - - [08/Aug/2022:12:37:49 +0000] "POST /api/v1/carts/62158a3005253301a4fda5dd HTTP/1.1" 201 324 "-" "PostmanRuntime/7.29.2"

info: ::1 - - [08/Aug/2022:12:38:06 +0000] "POST /api/v1/carts/6214803b05253301a4fda584 HTTP/1.1" 201 1495 "-" "PostmanRuntime/7.29.2"

info: ::1 - - [08/Aug/2022:12:38:14 +0000] "POST /api/v1/carts/6214803b05253301a4fda584 HTTP/1.1" 201 1495 "-" "PostmanRuntime/7.29.2"

info: ::1 - - [08/Aug/2022:13:17:19 +0000] "PUT /api/v1/carts/6214803b05253301a4fda584 HTTP/1.1" 201 62 "-" "PostmanRuntime/7.29.2"

info: ::1 - - [08/Aug/2022:13:20:13 +0000] "POST /api/v1/carts/6214803b05253301a4fda584 HTTP/1.1" 201 1500 "-" "PostmanRuntime/7.29.2"

info: ::1 - - [08/Aug/2022:13:20:39 +0000] "PUT /api/v1/carts/6214803b05253301a4fda584 HTTP/1.1" 201 62 "-" "PostmanRuntime/7.29.2"

info: ::1 - - [08/Aug/2022:13:26:04 +0000] "POST /api/v1/carts/6214803b05253301a4fda584 HTTP/1.1" 201 1323 "-" "PostmanRuntime/7.29.2"

info: ::1 - - [08/Aug/2022:13:26:06 +0000] "POST /api/v1/carts/6214803b05253301a4fda584 HTTP/1.1" 201 1324 "-" "PostmanRuntime/7.29.2"

info: ::1 - - [08/Aug/2022:13:26:30 +0000] "POST /api/v1/carts/621588af05253301a4fda5ce HTTP/1.1" 201 1506 "-" "PostmanRuntime/7.29.2"

info: ::1 - - [08/Aug/2022:13:26:35 +0000] "POST /api/v1/carts/621588af05253301a4fda5ce HTTP/1.1" 201 1506 "-" "PostmanRuntime/7.29.2"

info: ::1 - - [08/Aug/2022:13:26:51 +0000] "PUT /api/v1/carts/621588af05253301a4fda5ce HTTP/1.1" 201 62 "-" "PostmanRuntime/7.29.2"

info: ::1 - - [08/Aug/2022:13:30:11 +0000] "POST /api/v1/carts/621588d505253301a4fda5cf HTTP/1.1" 201 1715 "-" "PostmanRuntime/7.29.2"

info: ::1 - - [08/Aug/2022:13:30:24 +0000] "POST /api/v1/carts/621588d505253301a4fda5cf HTTP/1.1" 201 1715 "-" "PostmanRuntime/7.29.2"

info: ::1 - - [08/Aug/2022:13:30:32 +0000] "PUT /api/v1/carts/621588d505253301a4fda5cf HTTP/1.1" 201 62 "-" "PostmanRuntime/7.29.2"

info: ::1 - - [08/Aug/2022:13:33:32 +0000] "PUT /api/v1/carts/6214803b05253301a4fda584 HTTP/1.1" 201 539 "-" "PostmanRuntime/7.29.2"

info: ::1 - - [09/Aug/2022:02:29:23 +0000] "POST /api/v1/users/login HTTP/1.1" 500 51 "-" "PostmanRuntime/7.29.2"

info: ::1 - - [09/Aug/2022:02:30:13 +0000] "POST /api/v1/users HTTP/1.1" 201 320 "-" "PostmanRuntime/7.29.2"

info: ::1 - - [09/Aug/2022:02:30:44 +0000] "POST /api/v1/users/login HTTP/1.1" 200 270 "-" "PostmanRuntime/7.29.2"

info: ::1 - - [09/Aug/2022:02:31:55 +0000] "POST /api/v1/carts/6215888305253301a4fda5cd HTTP/1.1" 201 759 "-" "PostmanRuntime/7.29.2"

info: ::1 - - [09/Aug/2022:02:39:15 +0000] "PUT /api/v1/carts/6215888305253301a4fda5cd HTTP/1.1" 201 539 "-" "PostmanRuntime/7.29.2"

info: ::1 - - [09/Aug/2022:03:07:31 +0000] "GET /api/v1/users/login HTTP/1.1" 404 47 "-" "PostmanRuntime/7.29.2"

info: ::1 - - [09/Aug/2022:03:10:42 +0000] "POST /api/v1/users/login HTTP/1.1" 200 270 "-" "PostmanRuntime/7.29.2"

info: ::1 - - [09/Aug/2022:03:12:41 +0000] "POST /api/v1/carts/6215892405253301a4fda5d2 HTTP/1.1" 201 725 "-" "PostmanRuntime/7.29.2"

info: ::1 - - [09/Aug/2022:11:23:05 +0000] "POST /api/v1/users/login HTTP/1.1" 500 51 "-" "PostmanRuntime/7.29.2"

info: ::1 - - [09/Aug/2022:11:23:58 +0000] "POST /api/v1/users HTTP/1.1" 500 89 "-" "PostmanRuntime/7.29.2"

info: ::1 - - [09/Aug/2022:11:24:10 +0000] "POST /api/v1/users HTTP/1.1" 201 315 "-" "PostmanRuntime/7.29.2"

info: ::1 - - [09/Aug/2022:11:24:49 +0000] "POST /api/v1/users/login HTTP/1.1" 200 265 "-" "PostmanRuntime/7.29.2"

info: ::1 - - [09/Aug/2022:11:27:00 +0000] "POST /api/v1/carts/6214803b05253301a4fda584 HTTP/1.1" 201 1323 "-" "PostmanRuntime/7.29.2"

info: ::1 - - [09/Aug/2022:11:29:02 +0000] "POST /api/v1/carts/6214803b05253301a4fda584 HTTP/1.1" 201 1323 "-" "PostmanRuntime/7.29.2"

info: ::1 - - [09/Aug/2022:11:32:42 +0000] "POST /api/v1/carts/6214803b05253301a4fda584 HTTP/1.1" 201 1323 "-" "PostmanRuntime/7.29.2"

info: ::1 - - [09/Aug/2022:11:38:30 +0000] "POST /api/v1/carts/6214803b05253301a4fda504 HTTP/1.1" 500 53 "-" "PostmanRuntime/7.29.2"

info: ::1 - - [09/Aug/2022:11:38:36 +0000] "POST /api/v1/carts/6214803b05253301a4fda584 HTTP/1.1" 201 1323 "-" "PostmanRuntime/7.29.2"

info: ::1 - - [09/Aug/2022:16:38:53 +0000] "POST /api/v1/carts/6214803b05253301a4fda584 HTTP/1.1" 201 1323 "-" "PostmanRuntime/7.29.2"

info: ::1 - - [09/Aug/2022:16:46:41 +0000] "POST /api/v1/carts/6214803b05253301a4fda584 HTTP/1.1" 201 1323 "-" "PostmanRuntime/7.29.2"

info: ::1 - - [09/Aug/2022:16:47:35 +0000] "POST /api/v1/carts/6214803b05253301a4fda584 HTTP/1.1" 201 1323 "-" "PostmanRuntime/7.29.2"

info: ::1 - - [10/Aug/2022:02:02:46 +0000] "POST /api/v1/carts/6214803b05253301a4fda584 HTTP/1.1" 201 1323 "-" "PostmanRuntime/7.29.2"

info: ::1 - - [10/Aug/2022:02:03:09 +0000] "POST /api/v1/carts/6214803b05253301a4fda584 HTTP/1.1" 201 1323 "-" "PostmanRuntime/7.29.2"

info: ::1 - - [10/Aug/2022:06:37:39 +0000] "POST /api/v1/carts/6214803b05253301a4fda584 HTTP/1.1" 201 1896 "-" "PostmanRuntime/7.29.2"

info: ::1 - - [10/Aug/2022:06:37:58 +0000] "POST /api/v1/carts/6214803b05253301a4fda584 HTTP/1.1" 201 1896 "-" "PostmanRuntime/7.29.2"

info: ::1 - - [10/Aug/2022:06:38:23 +0000] "POST /api/v1/carts/6214803b05253301a4fda584 HTTP/1.1" 201 1896 "-" "PostmanRuntime/7.29.2"

info: ::1 - - [10/Aug/2022:06:41:39 +0000] "POST /api/v1/carts/6214803b05253301a4fda584 HTTP/1.1" 201 1896 "-" "PostmanRuntime/7.29.2"

info: ::1 - - [10/Aug/2022:06:42:16 +0000] "POST /api/v1/users/login HTTP/1.1" 200 265 "-" "PostmanRuntime/7.29.2"

info: ::1 - - [10/Aug/2022:06:43:26 +0000] "POST /api/v1/carts/62158a3005253301a4fda5dd HTTP/1.1" 201 2072 "-" "PostmanRuntime/7.29.2"

info: ::1 - - [10/Aug/2022:06:44:54 +0000] "POST /api/v1/users HTTP/1.1" 201 317 "-" "PostmanRuntime/7.29.2"

info: ::1 - - [10/Aug/2022:06:45:27 +0000] "POST /api/v1/users/login HTTP/1.1" 200 267 "-" "PostmanRuntime/7.29.2"

info: ::1 - - [10/Aug/2022:06:46:24 +0000] "POST /api/v1/carts/62158a3005253301a4fda5dd HTTP/1.1" 201 2072 "-" "PostmanRuntime/7.29.2"

info: ::1 - - [10/Aug/2022:07:01:41 +0000] "POST /api/v1/carts/62158a3005253301a4fda5dd HTTP/1.1" 201 2072 "-" "PostmanRuntime/7.29.2"

info: ::1 - - [10/Aug/2022:07:09:36 +0000] "PUT /api/v1/carts/62158a3005253301a4fda5dd HTTP/1.1" 201 1891 "-" "PostmanRuntime/7.29.2"

info: ::1 - - [10/Aug/2022:07:09:56 +0000] "PUT /api/v1/carts/6214803b05253301a4fda584 HTTP/1.1" 201 720 "-" "PostmanRuntime/7.29.2"

info: ::1 - - [10/Aug/2022:07:10:11 +0000] "POST /api/v1/carts/6214803b05253301a4fda584 HTTP/1.1" 201 1896 "-" "PostmanRuntime/7.29.2"

info: ::1 - - [10/Aug/2022:08:34:55 +0000] "POST /api/v1/carts/6214803b05253301a4fda584 HTTP/1.1" 500 59 "-" "PostmanRuntime/7.29.2"

info: ::1 - - [10/Aug/2022:08:35:39 +0000] "POST /api/v1/carts/6214803b05253301a4fda584 HTTP/1.1" 201 1896 "-" "PostmanRuntime/7.29.2"

info: ::1 - - [10/Aug/2022:08:37:10 +0000] "POST /api/v1/carts/6214803b05253301a4fda584 HTTP/1.1" 201 55 "-" "PostmanRuntime/7.29.2"

info: ::1 - - [10/Aug/2022:08:38:10 +0000] "POST /api/v1/carts/6214803b05253301a4fda584 HTTP/1.1" 201 1896 "-" "PostmanRuntime/7.29.2"

info: ::1 - - [10/Aug/2022:08:56:19 +0000] "GET /api/v1/carts HTTP/1.1" 201 1891 "-" "PostmanRuntime/7.29.2"

info: ::1 - - [10/Aug/2022:08:57:21 +0000] "GET /api/v1/carts HTTP/1.1" 201 1901 "-" "PostmanRuntime/7.29.2"

info: ::1 - - [10/Aug/2022:08:58:51 +0000] "GET /api/v1/carts HTTP/1.1" 201 1902 "-" "PostmanRuntime/7.29.2"

info: ::1 - - [10/Aug/2022:08:59:24 +0000] "POST /api/v1/users HTTP/1.1" 500 60 "-" "PostmanRuntime/7.29.2"

info: ::1 - - [10/Aug/2022:08:59:32 +0000] "POST /api/v1/users/login HTTP/1.1" 200 270 "-" "PostmanRuntime/7.29.2"

info: ::1 - - [10/Aug/2022:08:59:59 +0000] "GET /api/v1/carts HTTP/1.1" 201 1902 "-" "PostmanRuntime/7.29.2"

info: ::1 - - [10/Aug/2022:09:16:10 +0000] "PUT /api/v1/carts/isPurchased HTTP/1.1" 500 55 "-" "PostmanRuntime/7.29.2"

info: ::1 - - [10/Aug/2022:10:41:51 +0000] "PUT /api/v1/carts/isPurchased HTTP/1.1" 500 55 "-" "PostmanRuntime/7.29.2"

info: ::1 - - [10/Aug/2022:10:47:59 +0000] "PUT /api/v1/carts HTTP/1.1" 201 1901 "-" "PostmanRuntime/7.29.2"

info: ::1 - - [10/Aug/2022:10:48:29 +0000] "PUT /api/v1/carts HTTP/1.1" 401 40 "-" "PostmanRuntime/7.29.2"

info: ::1 - - [10/Aug/2022:10:48:45 +0000] "PUT /api/v1/carts/ HTTP/1.1" 401 40 "-" "PostmanRuntime/7.29.2"

info: ::1 - - [10/Aug/2022:10:49:23 +0000] "PUT /api/v1/carts/isPurchased HTTP/1.1" 401 40 "-" "PostmanRuntime/7.29.2"

info: ::1 - - [10/Aug/2022:10:49:51 +0000] "PUT /api/v1/carts/isPurchased HTTP/1.1" 500 55 "-" "PostmanRuntime/7.29.2"

info: ::1 - - [10/Aug/2022:11:36:27 +0000] "PUT /api/v1/carts/isPurchased HTTP/1.1" 500 55 "-" "PostmanRuntime/7.29.2"

info: ::1 - - [10/Aug/2022:11:39:39 +0000] "PUT /api/v1/carts/isPurchased HTTP/1.1" 500 55 "-" "PostmanRuntime/7.29.2"

info: ::1 - - [10/Aug/2022:11:39:47 +0000] "PUT /api/v1/carts/isPurchased HTTP/1.1" 500 55 "-" "PostmanRuntime/7.29.2"

info: ::1 - - [10/Aug/2022:11:44:14 +0000] "PUT /api/v1/carts/isPurchased HTTP/1.1" 500 55 "-" "PostmanRuntime/7.29.2"

info: ::1 - - [10/Aug/2022:11:44:18 +0000] "PUT /api/v1/carts/isPurchased HTTP/1.1" 500 55 "-" "PostmanRuntime/7.29.2"

info: ::1 - - [10/Aug/2022:11:47:37 +0000] "PUT /api/v1/carts/isPurchased HTTP/1.1" 201 1890 "-" "PostmanRuntime/7.29.2"

info: ::1 - - [10/Aug/2022:11:49:41 +0000] "PUT /api/v1/carts/isPurchased HTTP/1.1" 201 1890 "-" "PostmanRuntime/7.29.2"

info: ::1 - - [10/Aug/2022:11:51:46 +0000] "PUT /api/v1/carts/isPurchased HTTP/1.1" 201 1890 "-" "PostmanRuntime/7.29.2"

info: ::1 - - [10/Aug/2022:12:14:11 +0000] "PUT /api/v1/carts/isPurchased HTTP/1.1" 401 40 "-" "PostmanRuntime/7.29.2"

info: ::1 - - [10/Aug/2022:12:15:06 +0000] "PUT /api/v1/carts/isPurchased HTTP/1.1" 201 1890 "-" "PostmanRuntime/7.29.2"

info: ::1 - - [10/Aug/2022:12:17:44 +0000] "POST /api/v1/carts/621588d505253301a4fda5cf HTTP/1.1" 201 1895 "-" "PostmanRuntime/7.29.2"

info: ::1 - - [10/Aug/2022:14:37:01 +0000] "GET /api/v1/wishlist HTTP/1.1" 201 77 "-" "PostmanRuntime/7.29.2"

info: ::1 - - [10/Aug/2022:15:08:20 +0000] "POST /api/v1/wishlist/6215178d05253301a4fda5c4 HTTP/1.1" 201 330 "-" "PostmanRuntime/7.29.2"

info: ::1 - - [10/Aug/2022:15:08:32 +0000] "POST /api/v1/wishlist/6215178d05253301a4fda5c4 HTTP/1.1" 201 330 "-" "PostmanRuntime/7.29.2"

info: ::1 - - [10/Aug/2022:15:14:24 +0000] "POST /api/v1/wishlist/6215178d05253301a4fda5c4 HTTP/1.1" 201 343 "-" "PostmanRuntime/7.29.2"

info: ::1 - - [10/Aug/2022:15:14:50 +0000] "PUT /api/v1/wishlist/6215178d05253301a4fda5c4 HTTP/1.1" 500 54 "-" "PostmanRuntime/7.29.2"

info: ::1 - - [10/Aug/2022:15:19:18 +0000] "POST /api/v1/wishlist/621588f105253301a4fda5d0 HTTP/1.1" 201 540 "-" "PostmanRuntime/7.29.2"

info: ::1 - - [10/Aug/2022:15:19:40 +0000] "PUT /api/v1/wishlist/621588f105253301a4fda5d0 HTTP/1.1" 500 54 "-" "PostmanRuntime/7.29.2"

info: ::1 - - [10/Aug/2022:15:30:07 +0000] "PUT /api/v1/wishlist/621588f105253301a4fda5d0 HTTP/1.1" 201 348 "-" "PostmanRuntime/7.29.2"

info: ::1 - - [10/Aug/2022:17:41:03 +0000] "POST /api/v1/userDetails HTTP/1.1" 400 66 "-" "PostmanRuntime/7.29.2"

info: ::1 - - [10/Aug/2022:17:41:22 +0000] "POST /api/v1/userDetails HTTP/1.1" 201 299 "-" "PostmanRuntime/7.29.2"

info: ::1 - - [11/Aug/2022:02:49:23 +0000] "POST /api/v1/userDetails HTTP/1.1" 201 299 "-" "PostmanRuntime/7.29.2"

info: ::1 - - [11/Aug/2022:02:51:49 +0000] "POST /api/v1/userDetails HTTP/1.1" 201 299 "-" "PostmanRuntime/7.29.2"

info: ::1 - - [11/Aug/2022:02:52:05 +0000] "POST /api/v1/userDetails HTTP/1.1" 201 299 "-" "PostmanRuntime/7.29.2"

info: ::1 - - [11/Aug/2022:02:52:40 +0000] "POST /api/v1/userDetails HTTP/1.1" 201 299 "-" "PostmanRuntime/7.29.2"

info: ::1 - - [11/Aug/2022:15:12:10 +0000] "GET /api-docs HTTP/1.1" 301 183 "-" "Mozilla/5.0 (Windows NT 10.0; Win64; x64) AppleWebKit/537.36 (KHTML, like Gecko) Chrome/104.0.0.0 Safari/537.36"

info: ::1 - - [11/Aug/2022:15:12:10 +0000] "GET /api-docs/ HTTP/1.1" 200 3103 "-" "Mozilla/5.0 (Windows NT 10.0; Win64; x64) AppleWebKit/537.36 (KHTML, like Gecko) Chrome/104.0.0.0 Safari/537.36"

info: ::1 - - [11/Aug/2022:15:12:10 +0000] "GET /api-docs/swagger-ui-init.js HTTP/1.1" 200 3790 "-" "Mozilla/5.0 (Windows NT 10.0; Win64; x64) AppleWebKit/537.36 (KHTML, like Gecko) Chrome/104.0.0.0 Safari/537.36"

info: ::1 - - [11/Aug/2022:15:12:10 +0000] "GET /api-docs/swagger-ui.css HTTP/1.1" 200 144486 "-" "Mozilla/5.0 (Windows NT 10.0; Win64; x64) AppleWebKit/537.36 (KHTML, like Gecko) Chrome/104.0.0.0 Safari/537.36"

info: ::1 - - [11/Aug/2022:15:12:11 +0000] "GET /api-docs/swagger-ui-standalone-preset.js HTTP/1.1" 200 311812 "-" "Mozilla/5.0 (Windows NT 10.0; Win64; x64) AppleWebKit/537.36 (KHTML, like Gecko) Chrome/104.0.0.0 Safari/537.36"

info: ::1 - - [11/Aug/2022:15:12:11 +0000] "GET /api-docs/swagger-ui-bundle.js HTTP/1.1" 200 1057488 "-" "Mozilla/5.0 (Windows NT 10.0; Win64; x64) AppleWebKit/537.36 (KHTML, like Gecko) Chrome/104.0.0.0 Safari/537.36"

info: ::1 - - [11/Aug/2022:15:12:11 +0000] "GET /api-docs/favicon-32x32.png HTTP/1.1" 200 628 "-" "Mozilla/5.0 (Windows NT 10.0; Win64; x64) AppleWebKit/537.36 (KHTML, like Gecko) Chrome/104.0.0.0 Safari/537.36"

info: ::1 - - [11/Aug/2022:15:16:09 +0000] "GET /api-docs/ HTTP/1.1" 304 - "-" "Mozilla/5.0 (Windows NT 10.0; Win64; x64) AppleWebKit/537.36 (KHTML, like Gecko) Chrome/104.0.0.0 Safari/537.36"

info: ::1 - - [11/Aug/2022:15:16:09 +0000] "GET /api-docs/swagger-ui.css HTTP/1.1" 304 - "-" "Mozilla/5.0 (Windows NT 10.0; Win64; x64) AppleWebKit/537.36 (KHTML, like Gecko) Chrome/104.0.0.0 Safari/537.36"

info: ::1 - - [11/Aug/2022:15:16:09 +0000] "GET /api-docs/swagger-ui-bundle.js HTTP/1.1" 304 - "-" "Mozilla/5.0 (Windows NT 10.0; Win64; x64) AppleWebKit/537.36 (KHTML, like Gecko) Chrome/104.0.0.0 Safari/537.36"

info: ::1 - - [11/Aug/2022:15:16:09 +0000] "GET /api-docs/swagger-ui-standalone-preset.js HTTP/1.1" 304 - "-" "Mozilla/5.0 (Windows NT 10.0; Win64; x64) AppleWebKit/537.36 (KHTML, like Gecko) Chrome/104.0.0.0 Safari/537.36"

info: ::1 - - [11/Aug/2022:15:16:09 +0000] "GET /api-docs/swagger-ui-init.js HTTP/1.1" 200 3931 "-" "Mozilla/5.0 (Windows NT 10.0; Win64; x64) AppleWebKit/537.36 (KHTML, like Gecko) Chrome/104.0.0.0 Safari/537.36"

info: ::1 - - [11/Aug/2022:15:16:10 +0000] "GET /api-docs/favicon-32x32.png HTTP/1.1" 304 - "-" "Mozilla/5.0 (Windows NT 10.0; Win64; x64) AppleWebKit/537.36 (KHTML, like Gecko) Chrome/104.0.0.0 Safari/537.36"

info: ::1 - - [11/Aug/2022:15:17:12 +0000] "POST /api/v1/users HTTP/1.1" 201 317 "-" "Mozilla/5.0 (Windows NT 10.0; Win64; x64) AppleWebKit/537.36 (KHTML, like Gecko) Chrome/104.0.0.0 Safari/537.36"

info: ::1 - - [11/Aug/2022:15:17:55 +0000] "POST /api/v1/users/login HTTP/1.1" 200 267 "-" "Mozilla/5.0 (Windows NT 10.0; Win64; x64) AppleWebKit/537.36 (KHTML, like Gecko) Chrome/104.0.0.0 Safari/537.36"

info: ::1 - - [11/Aug/2022:15:40:57 +0000] "GET /api-docs/ HTTP/1.1" 304 - "-" "Mozilla/5.0 (Windows NT 10.0; Win64; x64) AppleWebKit/537.36 (KHTML, like Gecko) Chrome/104.0.0.0 Safari/537.36"

info: ::1 - - [11/Aug/2022:15:40:57 +0000] "GET /api-docs/swagger-ui.css HTTP/1.1" 304 - "-" "Mozilla/5.0 (Windows NT 10.0; Win64; x64) AppleWebKit/537.36 (KHTML, like Gecko) Chrome/104.0.0.0 Safari/537.36"

info: ::1 - - [11/Aug/2022:15:40:57 +0000] "GET /api-docs/swagger-ui-bundle.js HTTP/1.1" 304 - "-" "Mozilla/5.0 (Windows NT 10.0; Win64; x64) AppleWebKit/537.36 (KHTML, like Gecko) Chrome/104.0.0.0 Safari/537.36"

info: ::1 - - [11/Aug/2022:15:40:57 +0000] "GET /api-docs/swagger-ui-init.js HTTP/1.1" 200 4577 "-" "Mozilla/5.0 (Windows NT 10.0; Win64; x64) AppleWebKit/537.36 (KHTML, like Gecko) Chrome/104.0.0.0 Safari/537.36"

info: ::1 - - [11/Aug/2022:15:40:57 +0000] "GET /api-docs/swagger-ui-standalone-preset.js HTTP/1.1" 304 - "-" "Mozilla/5.0 (Windows NT 10.0; Win64; x64) AppleWebKit/537.36 (KHTML, like Gecko) Chrome/104.0.0.0 Safari/537.36"

info: ::1 - - [11/Aug/2022:15:40:58 +0000] "GET /api-docs/favicon-32x32.png HTTP/1.1" 304 - "-" "Mozilla/5.0 (Windows NT 10.0; Win64; x64) AppleWebKit/537.36 (KHTML, like Gecko) Chrome/104.0.0.0 Safari/537.36"

info: ::1 - - [11/Aug/2022:15:42:59 +0000] "GET /api-docs/ HTTP/1.1" 304 - "-" "Mozilla/5.0 (Windows NT 10.0; Win64; x64) AppleWebKit/537.36 (KHTML, like Gecko) Chrome/104.0.0.0 Safari/537.36"

info: ::1 - - [11/Aug/2022:15:42:59 +0000] "GET /api-docs/swagger-ui.css HTTP/1.1" 304 - "-" "Mozilla/5.0 (Windows NT 10.0; Win64; x64) AppleWebKit/537.36 (KHTML, like Gecko) Chrome/104.0.0.0 Safari/537.36"

info: ::1 - - [11/Aug/2022:15:42:59 +0000] "GET /api-docs/swagger-ui-init.js HTTP/1.1" 200 4711 "-" "Mozilla/5.0 (Windows NT 10.0; Win64; x64) AppleWebKit/537.36 (KHTML, like Gecko) Chrome/104.0.0.0 Safari/537.36"

info: ::1 - - [11/Aug/2022:15:42:59 +0000] "GET /api-docs/swagger-ui-bundle.js HTTP/1.1" 304 - "-" "Mozilla/5.0 (Windows NT 10.0; Win64; x64) AppleWebKit/537.36 (KHTML, like Gecko) Chrome/104.0.0.0 Safari/537.36"

info: ::1 - - [11/Aug/2022:15:42:59 +0000] "GET /api-docs/swagger-ui-standalone-preset.js HTTP/1.1" 304 - "-" "Mozilla/5.0 (Windows NT 10.0; Win64; x64) AppleWebKit/537.36 (KHTML, like Gecko) Chrome/104.0.0.0 Safari/537.36"

info: ::1 - - [11/Aug/2022:15:42:59 +0000] "GET /api-docs/favicon-32x32.png HTTP/1.1" 304 - "-" "Mozilla/5.0 (Windows NT 10.0; Win64; x64) AppleWebKit/537.36 (KHTML, like Gecko) Chrome/104.0.0.0 Safari/537.36"

info: ::1 - - [11/Aug/2022:15:48:46 +0000] "GET /api-docs/ HTTP/1.1" 304 - "-" "Mozilla/5.0 (Windows NT 10.0; Win64; x64) AppleWebKit/537.36 (KHTML, like Gecko) Chrome/104.0.0.0 Safari/537.36"

info: ::1 - - [11/Aug/2022:15:48:46 +0000] "GET /api-docs/swagger-ui-init.js HTTP/1.1" 200 4637 "-" "Mozilla/5.0 (Windows NT 10.0; Win64; x64) AppleWebKit/537.36 (KHTML, like Gecko) Chrome/104.0.0.0 Safari/537.36"

info: ::1 - - [11/Aug/2022:15:48:46 +0000] "GET /api-docs/swagger-ui.css HTTP/1.1" 304 - "-" "Mozilla/5.0 (Windows NT 10.0; Win64; x64) AppleWebKit/537.36 (KHTML, like Gecko) Chrome/104.0.0.0 Safari/537.36"

info: ::1 - - [11/Aug/2022:15:48:46 +0000] "GET /api-docs/swagger-ui-bundle.js HTTP/1.1" 304 - "-" "Mozilla/5.0 (Windows NT 10.0; Win64; x64) AppleWebKit/537.36 (KHTML, like Gecko) Chrome/104.0.0.0 Safari/537.36"

info: ::1 - - [11/Aug/2022:15:48:46 +0000] "GET /api-docs/swagger-ui-standalone-preset.js HTTP/1.1" 304 - "-" "Mozilla/5.0 (Windows NT 10.0; Win64; x64) AppleWebKit/537.36 (KHTML, like Gecko) Chrome/104.0.0.0 Safari/537.36"

info: ::1 - - [11/Aug/2022:15:48:47 +0000] "GET /api-docs/favicon-32x32.png HTTP/1.1" 304 - "-" "Mozilla/5.0 (Windows NT 10.0; Win64; x64) AppleWebKit/537.36 (KHTML, like Gecko) Chrome/104.0.0.0 Safari/537.36"

info: ::1 - - [11/Aug/2022:15:49:59 +0000] "POST /api/v1/carts/6215890d05253301a4fda5d1 HTTP/1.1" 201 2085 "-" "Mozilla/5.0 (Windows NT 10.0; Win64; x64) AppleWebKit/537.36 (KHTML, like Gecko) Chrome/104.0.0.0 Safari/537.36"

info: ::1 - - [11/Aug/2022:16:02:16 +0000] "GET /api-docs/ HTTP/1.1" 304 - "-" "Mozilla/5.0 (Windows NT 10.0; Win64; x64) AppleWebKit/537.36 (KHTML, like Gecko) Chrome/104.0.0.0 Safari/537.36"

info: ::1 - - [11/Aug/2022:16:02:16 +0000] "GET /api-docs/swagger-ui.css HTTP/1.1" 304 - "-" "Mozilla/5.0 (Windows NT 10.0; Win64; x64) AppleWebKit/537.36 (KHTML, like Gecko) Chrome/104.0.0.0 Safari/537.36"

info: ::1 - - [11/Aug/2022:16:02:16 +0000] "GET /api-docs/swagger-ui-bundle.js HTTP/1.1" 304 - "-" "Mozilla/5.0 (Windows NT 10.0; Win64; x64) AppleWebKit/537.36 (KHTML, like Gecko) Chrome/104.0.0.0 Safari/537.36"

info: ::1 - - [11/Aug/2022:16:02:16 +0000] "GET /api-docs/swagger-ui-init.js HTTP/1.1" 200 5327 "-" "Mozilla/5.0 (Windows NT 10.0; Win64; x64) AppleWebKit/537.36 (KHTML, like Gecko) Chrome/104.0.0.0 Safari/537.36"

info: ::1 - - [11/Aug/2022:16:02:16 +0000] "GET /api-docs/swagger-ui-standalone-preset.js HTTP/1.1" 304 - "-" "Mozilla/5.0 (Windows NT 10.0; Win64; x64) AppleWebKit/537.36 (KHTML, like Gecko) Chrome/104.0.0.0 Safari/537.36"

info: ::1 - - [11/Aug/2022:16:02:17 +0000] "GET /api-docs/favicon-32x32.png HTTP/1.1" 304 - "-" "Mozilla/5.0 (Windows NT 10.0; Win64; x64) AppleWebKit/537.36 (KHTML, like Gecko) Chrome/104.0.0.0 Safari/537.36"

info: ::1 - - [11/Aug/2022:16:02:48 +0000] "PUT /api/v1/carts/6215890d05253301a4fda5d1 HTTP/1.1" 201 1890 "-" "Mozilla/5.0 (Windows NT 10.0; Win64; x64) AppleWebKit/537.36 (KHTML, like Gecko) Chrome/104.0.0.0 Safari/537.36"

info: ::1 - - [11/Aug/2022:17:08:09 +0000] "POST /api/v1/carts/isPurchased HTTP/1.1" 500 133 "-" "PostmanRuntime/7.29.2"

info: ::1 - - [11/Aug/2022:17:08:59 +0000] "PUT /api/v1/carts/isPurchased HTTP/1.1" 201 1890 "-" "PostmanRuntime/7.29.2"

info: ::1 - - [11/Aug/2022:17:13:29 +0000] "GET /api-docs/ HTTP/1.1" 304 - "-" "Mozilla/5.0 (Windows NT 10.0; Win64; x64) AppleWebKit/537.36 (KHTML, like Gecko) Chrome/104.0.0.0 Safari/537.36"

info: ::1 - - [11/Aug/2022:17:13:29 +0000] "GET /api-docs/swagger-ui.css HTTP/1.1" 304 - "-" "Mozilla/5.0 (Windows NT 10.0; Win64; x64) AppleWebKit/537.36 (KHTML, like Gecko) Chrome/104.0.0.0 Safari/537.36"

info: ::1 - - [11/Aug/2022:17:13:29 +0000] "GET /api-docs/swagger-ui-bundle.js HTTP/1.1" 304 - "-" "Mozilla/5.0 (Windows NT 10.0; Win64; x64) AppleWebKit/537.36 (KHTML, like Gecko) Chrome/104.0.0.0 Safari/537.36"

info: ::1 - - [11/Aug/2022:17:13:29 +0000] "GET /api-docs/swagger-ui-init.js HTTP/1.1" 200 6678 "-" "Mozilla/5.0 (Windows NT 10.0; Win64; x64) AppleWebKit/537.36 (KHTML, like Gecko) Chrome/104.0.0.0 Safari/537.36"

info: ::1 - - [11/Aug/2022:17:13:29 +0000] "GET /api-docs/swagger-ui-standalone-preset.js HTTP/1.1" 304 - "-" "Mozilla/5.0 (Windows NT 10.0; Win64; x64) AppleWebKit/537.36 (KHTML, like Gecko) Chrome/104.0.0.0 Safari/537.36"

info: ::1 - - [11/Aug/2022:17:13:30 +0000] "GET /api-docs/favicon-32x32.png HTTP/1.1" 304 - "-" "Mozilla/5.0 (Windows NT 10.0; Win64; x64) AppleWebKit/537.36 (KHTML, like Gecko) Chrome/104.0.0.0 Safari/537.36"

info: ::1 - - [11/Aug/2022:17:33:53 +0000] "GET /api-docs/ HTTP/1.1" 304 - "-" "Mozilla/5.0 (Windows NT 10.0; Win64; x64) AppleWebKit/537.36 (KHTML, like Gecko) Chrome/104.0.0.0 Safari/537.36"

info: ::1 - - [11/Aug/2022:17:33:53 +0000] "GET /api-docs/swagger-ui.css HTTP/1.1" 304 - "-" "Mozilla/5.0 (Windows NT 10.0; Win64; x64) AppleWebKit/537.36 (KHTML, like Gecko) Chrome/104.0.0.0 Safari/537.36"

info: ::1 - - [11/Aug/2022:17:33:53 +0000] "GET /api-docs/swagger-ui-bundle.js HTTP/1.1" 304 - "-" "Mozilla/5.0 (Windows NT 10.0; Win64; x64) AppleWebKit/537.36 (KHTML, like Gecko) Chrome/104.0.0.0 Safari/537.36"

info: ::1 - - [11/Aug/2022:17:33:53 +0000] "GET /api-docs/swagger-ui-init.js HTTP/1.1" 200 8611 "-" "Mozilla/5.0 (Windows NT 10.0; Win64; x64) AppleWebKit/537.36 (KHTML, like Gecko) Chrome/104.0.0.0 Safari/537.36"

info: ::1 - - [11/Aug/2022:17:33:54 +0000] "GET /api-docs/swagger-ui-standalone-preset.js HTTP/1.1" 304 - "-" "Mozilla/5.0 (Windows NT 10.0; Win64; x64) AppleWebKit/537.36 (KHTML, like Gecko) Chrome/104.0.0.0 Safari/537.36"

info: ::1 - - [11/Aug/2022:17:33:54 +0000] "GET /api-docs/favicon-32x32.png HTTP/1.1" 304 - "-" "Mozilla/5.0 (Windows NT 10.0; Win64; x64) AppleWebKit/537.36 (KHTML, like Gecko) Chrome/104.0.0.0 Safari/537.36"

info: ::1 - - [11/Aug/2022:17:33:59 +0000] "GET /api-docs/ HTTP/1.1" 304 - "-" "Mozilla/5.0 (Windows NT 10.0; Win64; x64) AppleWebKit/537.36 (KHTML, like Gecko) Chrome/104.0.0.0 Safari/537.36"

info: ::1 - - [11/Aug/2022:17:33:59 +0000] "GET /api-docs/swagger-ui-init.js HTTP/1.1" 304 - "-" "Mozilla/5.0 (Windows NT 10.0; Win64; x64) AppleWebKit/537.36 (KHTML, like Gecko) Chrome/104.0.0.0 Safari/537.36"

info: ::1 - - [11/Aug/2022:17:33:59 +0000] "GET /api-docs/swagger-ui.css HTTP/1.1" 304 - "-" "Mozilla/5.0 (Windows NT 10.0; Win64; x64) AppleWebKit/537.36 (KHTML, like Gecko) Chrome/104.0.0.0 Safari/537.36"

info: ::1 - - [11/Aug/2022:17:33:59 +0000] "GET /api-docs/swagger-ui-bundle.js HTTP/1.1" 304 - "-" "Mozilla/5.0 (Windows NT 10.0; Win64; x64) AppleWebKit/537.36 (KHTML, like Gecko) Chrome/104.0.0.0 Safari/537.36"

info: ::1 - - [11/Aug/2022:17:33:59 +0000] "GET /api-docs/swagger-ui-standalone-preset.js HTTP/1.1" 304 - "-" "Mozilla/5.0 (Windows NT 10.0; Win64; x64) AppleWebKit/537.36 (KHTML, like Gecko) Chrome/104.0.0.0 Safari/537.36"

info: ::1 - - [11/Aug/2022:17:33:59 +0000] "GET /api-docs/favicon-32x32.png HTTP/1.1" 304 - "-" "Mozilla/5.0 (Windows NT 10.0; Win64; x64) AppleWebKit/537.36 (KHTML, like Gecko) Chrome/104.0.0.0 Safari/537.36"

info: ::1 - - [11/Aug/2022:17:36:13 +0000] "GET /api-docs/ HTTP/1.1" 304 - "-" "Mozilla/5.0 (Windows NT 10.0; Win64; x64) AppleWebKit/537.36 (KHTML, like Gecko) Chrome/104.0.0.0 Safari/537.36"

info: ::1 - - [11/Aug/2022:17:36:13 +0000] "GET /api-docs/swagger-ui.css HTTP/1.1" 304 - "-" "Mozilla/5.0 (Windows NT 10.0; Win64; x64) AppleWebKit/537.36 (KHTML, like Gecko) Chrome/104.0.0.0 Safari/537.36"

info: ::1 - - [11/Aug/2022:17:36:13 +0000] "GET /api-docs/swagger-ui-bundle.js HTTP/1.1" 304 - "-" "Mozilla/5.0 (Windows NT 10.0; Win64; x64) AppleWebKit/537.36 (KHTML, like Gecko) Chrome/104.0.0.0 Safari/537.36"

info: ::1 - - [11/Aug/2022:17:36:13 +0000] "GET /api-docs/swagger-ui-init.js HTTP/1.1" 200 8785 "-" "Mozilla/5.0 (Windows NT 10.0; Win64; x64) AppleWebKit/537.36 (KHTML, like Gecko) Chrome/104.0.0.0 Safari/537.36"

info: ::1 - - [11/Aug/2022:17:36:13 +0000] "GET /api-docs/swagger-ui-standalone-preset.js HTTP/1.1" 304 - "-" "Mozilla/5.0 (Windows NT 10.0; Win64; x64) AppleWebKit/537.36 (KHTML, like Gecko) Chrome/104.0.0.0 Safari/537.36"

info: ::1 - - [11/Aug/2022:17:36:13 +0000] "GET /api-docs/favicon-32x32.png HTTP/1.1" 304 - "-" "Mozilla/5.0 (Windows NT 10.0; Win64; x64) AppleWebKit/537.36 (KHTML, like Gecko) Chrome/104.0.0.0 Safari/537.36"

info: ::1 - - [11/Aug/2022:17:42:34 +0000] "GET /api-docs/ HTTP/1.1" 304 - "-" "Mozilla/5.0 (Windows NT 10.0; Win64; x64) AppleWebKit/537.36 (KHTML, like Gecko) Chrome/104.0.0.0 Safari/537.36"

info: ::1 - - [11/Aug/2022:17:42:34 +0000] "GET /api-docs/swagger-ui.css HTTP/1.1" 304 - "-" "Mozilla/5.0 (Windows NT 10.0; Win64; x64) AppleWebKit/537.36 (KHTML, like Gecko) Chrome/104.0.0.0 Safari/537.36"

info: ::1 - - [11/Aug/2022:17:42:34 +0000] "GET /api-docs/swagger-ui-bundle.js HTTP/1.1" 304 - "-" "Mozilla/5.0 (Windows NT 10.0; Win64; x64) AppleWebKit/537.36 (KHTML, like Gecko) Chrome/104.0.0.0 Safari/537.36"

info: ::1 - - [11/Aug/2022:17:42:34 +0000] "GET /api-docs/swagger-ui-init.js HTTP/1.1" 200 10145 "-" "Mozilla/5.0 (Windows NT 10.0; Win64; x64) AppleWebKit/537.36 (KHTML, like Gecko) Chrome/104.0.0.0 Safari/537.36"

info: ::1 - - [11/Aug/2022:17:42:34 +0000] "GET /api-docs/swagger-ui-standalone-preset.js HTTP/1.1" 304 - "-" "Mozilla/5.0 (Windows NT 10.0; Win64; x64) AppleWebKit/537.36 (KHTML, like Gecko) Chrome/104.0.0.0 Safari/537.36"

info: ::1 - - [11/Aug/2022:17:42:35 +0000] "GET /api-docs/favicon-32x32.png HTTP/1.1" 304 - "-" "Mozilla/5.0 (Windows NT 10.0; Win64; x64) AppleWebKit/537.36 (KHTML, like Gecko) Chrome/104.0.0.0 Safari/537.36"

info: ::1 - - [11/Aug/2022:17:44:14 +0000] "GET /api-docs/ HTTP/1.1" 304 - "-" "Mozilla/5.0 (Windows NT 10.0; Win64; x64) AppleWebKit/537.36 (KHTML, like Gecko) Chrome/104.0.0.0 Safari/537.36"

info: ::1 - - [11/Aug/2022:17:44:15 +0000] "GET /api-docs/swagger-ui.css HTTP/1.1" 304 - "-" "Mozilla/5.0 (Windows NT 10.0; Win64; x64) AppleWebKit/537.36 (KHTML, like Gecko) Chrome/104.0.0.0 Safari/537.36"

info: ::1 - - [11/Aug/2022:17:44:15 +0000] "GET /api-docs/swagger-ui-bundle.js HTTP/1.1" 304 - "-" "Mozilla/5.0 (Windows NT 10.0; Win64; x64) AppleWebKit/537.36 (KHTML, like Gecko) Chrome/104.0.0.0 Safari/537.36"

info: ::1 - - [11/Aug/2022:17:44:15 +0000] "GET /api-docs/swagger-ui-init.js HTTP/1.1" 200 10209 "-" "Mozilla/5.0 (Windows NT 10.0; Win64; x64) AppleWebKit/537.36 (KHTML, like Gecko) Chrome/104.0.0.0 Safari/537.36"

info: ::1 - - [11/Aug/2022:17:44:15 +0000] "GET /api-docs/swagger-ui-standalone-preset.js HTTP/1.1" 304 - "-" "Mozilla/5.0 (Windows NT 10.0; Win64; x64) AppleWebKit/537.36 (KHTML, like Gecko) Chrome/104.0.0.0 Safari/537.36"

info: ::1 - - [11/Aug/2022:17:44:15 +0000] "GET /api-docs/favicon-32x32.png HTTP/1.1" 304 - "-" "Mozilla/5.0 (Windows NT 10.0; Win64; x64) AppleWebKit/537.36 (KHTML, like Gecko) Chrome/104.0.0.0 Safari/537.36"

